TN:
SF:my-element.js
FN:17,get styles
FN:28,get properties
FN:44,MyElement
FN:50,render
FN:60,_onClick
FN:70,sayHello
FNF:6
FNH:6
FNDA:1,get styles
FNDA:1,get properties
FNDA:5,MyElement
FNDA:5,render
FNDA:1,_onClick
FNDA:5,sayHello
DA:1,1
DA:2,1
DA:3,1
DA:4,1
DA:5,1
DA:6,1
DA:7,1
DA:8,1
DA:9,1
DA:10,1
DA:11,1
DA:12,1
DA:13,1
DA:14,1
DA:15,1
DA:16,1
DA:17,1
DA:18,1
DA:19,1
DA:20,1
DA:21,1
DA:22,1
DA:23,1
DA:24,1
DA:25,1
DA:26,1
DA:27,1
DA:28,1
DA:29,1
DA:30,1
DA:31,1
DA:32,1
DA:33,1
DA:34,1
DA:35,1
DA:36,1
DA:37,1
DA:38,1
DA:39,1
DA:40,1
DA:41,1
DA:42,1
DA:43,1
DA:44,1
DA:45,5
DA:46,5
DA:47,5
DA:48,5
DA:49,1
DA:50,1
DA:51,5
DA:52,5
DA:53,5
DA:54,5
DA:55,5
DA:56,5
DA:57,5
DA:58,5
DA:59,1
DA:60,1
DA:61,1
DA:62,1
DA:63,1
DA:64,1
DA:65,1
DA:66,1
DA:67,1
DA:68,1
DA:69,1
DA:70,1
DA:71,5
DA:72,5
DA:73,1
DA:74,1
DA:75,1
LF:75
LH:75
BRDA:1,0,0,1
BRDA:17,1,0,1
BRDA:28,2,0,1
BRDA:44,3,0,5
BRDA:50,4,0,5
BRDA:60,5,0,1
BRDA:70,6,0,5
BRF:7
BRH:7
end_of_record
TN:
SF:src/helperFunctions.js
FN:1,getObjectKeys
FN:7,toISODate
FN:15,fromISODate
FNF:3
FNH:1
FNDA:8,getObjectKeys
FNDA:0,toISODate
FNDA:0,fromISODate
DA:1,1
DA:2,8
DA:3,0
DA:4,0
DA:5,8
DA:6,8
DA:7,1
DA:8,0
DA:9,0
DA:10,0
DA:11,0
DA:12,0
DA:13,0
DA:14,1
DA:15,1
DA:16,0
DA:17,0
DA:18,0
DA:19,0
DA:20,0
DA:21,0
LF:21
LH:7
BRDA:1,0,0,1
BRDA:1,1,0,8
BRDA:2,2,0,0
BRDA:5,3,0,60
BRF:4
BRH:3
end_of_record
TN:
SF:src/i18n.js
FN:70,getCurrentLang
FN:74,t
FNF:2
FNH:2
FNDA:233,getCurrentLang
FNDA:233,t
DA:1,1
DA:2,1
DA:3,1
DA:4,1
DA:5,1
DA:6,1
DA:7,1
DA:8,1
DA:9,1
DA:10,1
DA:11,1
DA:12,1
DA:13,1
DA:14,1
DA:15,1
DA:16,1
DA:17,1
DA:18,1
DA:19,1
DA:20,1
DA:21,1
DA:22,1
DA:23,1
DA:24,1
DA:25,1
DA:26,1
DA:27,1
DA:28,1
DA:29,1
DA:30,1
DA:31,1
DA:32,1
DA:33,1
DA:34,1
DA:35,1
DA:36,1
DA:37,1
DA:38,1
DA:39,1
DA:40,1
DA:41,1
DA:42,1
DA:43,1
DA:44,1
DA:45,1
DA:46,1
DA:47,1
DA:48,1
DA:49,1
DA:50,1
DA:51,1
DA:52,1
DA:53,1
DA:54,1
DA:55,1
DA:56,1
DA:57,1
DA:58,1
DA:59,1
DA:60,1
DA:61,1
DA:62,1
DA:63,1
DA:64,1
DA:65,1
DA:66,1
DA:67,1
DA:68,1
DA:69,1
DA:70,1
DA:71,233
DA:72,233
DA:73,1
DA:74,1
DA:75,233
DA:76,233
DA:77,233
DA:78,233
DA:79,233
DA:80,233
DA:81,0
DA:82,0
DA:83,0
DA:84,0
DA:85,233
DA:86,233
LF:86
LH:82
BRDA:1,0,0,1
BRDA:70,1,0,233
BRDA:74,2,0,233
BRDA:79,3,0,0
BRDA:80,4,0,0
BRDA:80,5,0,0
BRF:6
BRH:3
end_of_record
TN:
SF:src/_base/BaseComponent.js
FN:4,BaseComponent
FN:9,connectedCallback
FN:14,disconnectedCallback
FN:23,_subscribeToLanguageChanges
FN:24,_langChanged
FNF:5
FNH:4
FNDA:16,BaseComponent
FNDA:15,connectedCallback
FNDA:15,disconnectedCallback
FNDA:15,_subscribeToLanguageChanges
FNDA:0,_langChanged
DA:1,1
DA:2,1
DA:3,1
DA:4,1
DA:5,16
DA:6,16
DA:7,16
DA:8,1
DA:9,1
DA:10,15
DA:11,15
DA:12,15
DA:13,1
DA:14,1
DA:15,15
DA:16,15
DA:17,15
DA:18,15
DA:19,15
DA:20,15
DA:21,1
DA:22,1
DA:23,1
DA:24,15
DA:25,15
DA:26,15
DA:27,1
LF:27
LH:27
BRDA:1,0,0,1
BRDA:4,1,0,16
BRDA:9,2,0,15
BRDA:14,3,0,15
BRDA:23,4,0,15
BRF:5
BRH:5
end_of_record
TN:
SF:src/_components/grid-app/grid-app.css.js
FNF:0
FNH:0
DA:1,1
DA:2,1
DA:3,1
DA:4,1
DA:5,1
DA:6,1
DA:7,1
DA:8,1
DA:9,1
DA:10,1
DA:11,1
DA:12,1
DA:13,1
DA:14,1
DA:15,1
DA:16,1
DA:17,1
DA:18,1
DA:19,1
DA:20,1
LF:20
LH:20
BRDA:1,0,0,1
BRF:1
BRH:1
end_of_record
TN:
SF:src/_components/grid-app/grid-app.js
FN:10,<static_initializer>
FN:22,GridApp
FN:34,toggleSelectAll
FN:57,toggleRowSelect
FN:68,onPageChange
FN:72,getCurrentPageRows
FN:78,render
FN:106,editRow
FN:110,deleteRow
FNF:9
FNH:4
FNDA:1,<static_initializer>
FNDA:1,GridApp
FNDA:0,toggleSelectAll
FNDA:0,toggleRowSelect
FNDA:0,onPageChange
FNDA:1,getCurrentPageRows
FNDA:1,render
FNDA:0,editRow
FNDA:0,deleteRow
DA:1,1
DA:2,1
DA:3,1
DA:4,1
DA:5,1
DA:6,1
DA:7,1
DA:8,1
DA:9,1
DA:10,1
DA:11,1
DA:12,1
DA:13,1
DA:14,1
DA:15,1
DA:16,1
DA:17,1
DA:18,1
DA:19,1
DA:20,1
DA:21,1
DA:22,1
DA:23,1
DA:24,1
DA:25,1
DA:26,1
DA:27,1
DA:28,1
DA:29,1
DA:30,1
DA:31,1
DA:32,1
DA:33,1
DA:34,1
DA:35,0
DA:36,0
DA:37,0
DA:38,0
DA:39,0
DA:40,0
DA:41,0
DA:42,0
DA:43,0
DA:44,0
DA:45,0
DA:46,0
DA:47,0
DA:48,0
DA:49,0
DA:50,0
DA:51,0
DA:52,0
DA:53,0
DA:54,0
DA:55,0
DA:56,1
DA:57,1
DA:58,0
DA:59,0
DA:60,0
DA:61,0
DA:62,0
DA:63,0
DA:64,0
DA:65,0
DA:66,0
DA:67,1
DA:68,1
DA:69,0
DA:70,0
DA:71,1
DA:72,1
DA:73,1
DA:74,1
DA:75,1
DA:76,1
DA:77,1
DA:78,1
DA:79,1
DA:80,1
DA:81,1
DA:82,1
DA:83,1
DA:84,1
DA:85,1
DA:86,1
DA:87,1
DA:88,4
DA:89,4
DA:90,4
DA:91,4
DA:92,4
DA:93,4
DA:94,1
DA:95,1
DA:96,1
DA:97,1
DA:98,1
DA:99,1
DA:100,1
DA:101,1
DA:102,1
DA:103,1
DA:104,1
DA:105,1
DA:106,1
DA:107,0
DA:108,0
DA:109,1
DA:110,1
DA:111,0
DA:112,0
DA:113,0
DA:114,0
DA:115,0
DA:116,0
DA:117,0
DA:118,0
DA:119,1
DA:120,1
DA:121,1
LF:121
LH:79
BRDA:1,0,0,1
BRDA:10,1,0,1
BRDA:22,2,0,1
BRDA:72,3,0,1
BRDA:78,4,0,1
BRDA:85,5,0,0
BRDA:87,6,0,4
BRF:7
BRH:6
end_of_record
TN:
SF:src/_components/list-app/list-app.css.js
FNF:0
FNH:0
DA:1,1
DA:2,1
DA:3,1
DA:4,1
DA:5,1
DA:6,1
DA:7,1
DA:8,1
DA:9,1
DA:10,1
DA:11,1
DA:12,1
DA:13,1
DA:14,1
DA:15,1
DA:16,1
DA:17,1
DA:18,1
DA:19,1
DA:20,1
DA:21,1
DA:22,1
DA:23,1
DA:24,1
DA:25,1
DA:26,1
DA:27,1
DA:28,1
DA:29,1
DA:30,1
DA:31,1
DA:32,1
DA:33,1
DA:34,1
DA:35,1
LF:35
LH:35
BRDA:1,0,0,1
BRF:1
BRH:1
end_of_record
TN:
SF:src/_components/list-app/list-app.js
FN:9,<static_initializer>
FN:21,ListApp
FN:33,toggleSelectAll
FN:56,toggleRowSelect
FN:67,onPageChange
FN:71,getCurrentPageRows
FN:77,render
FN:158,editRow
FN:162,deleteRow
FNF:9
FNH:4
FNDA:1,<static_initializer>
FNDA:5,ListApp
FNDA:0,toggleSelectAll
FNDA:0,toggleRowSelect
FNDA:0,onPageChange
FNDA:7,getCurrentPageRows
FNDA:7,render
FNDA:0,editRow
FNDA:0,deleteRow
DA:1,1
DA:2,1
DA:3,1
DA:4,1
DA:5,1
DA:6,1
DA:7,1
DA:8,1
DA:9,1
DA:10,1
DA:11,1
DA:12,1
DA:13,1
DA:14,1
DA:15,1
DA:16,1
DA:17,1
DA:18,1
DA:19,1
DA:20,1
DA:21,1
DA:22,5
DA:23,5
DA:24,5
DA:25,5
DA:26,5
DA:27,5
DA:28,5
DA:29,5
DA:30,5
DA:31,5
DA:32,1
DA:33,1
DA:34,0
DA:35,0
DA:36,0
DA:37,0
DA:38,0
DA:39,0
DA:40,0
DA:41,0
DA:42,0
DA:43,0
DA:44,0
DA:45,0
DA:46,0
DA:47,0
DA:48,0
DA:49,0
DA:50,0
DA:51,0
DA:52,0
DA:53,0
DA:54,0
DA:55,1
DA:56,1
DA:57,0
DA:58,0
DA:59,0
DA:60,0
DA:61,0
DA:62,0
DA:63,0
DA:64,0
DA:65,0
DA:66,1
DA:67,1
DA:68,0
DA:69,0
DA:70,1
DA:71,1
DA:72,7
DA:73,7
DA:74,7
DA:75,7
DA:76,1
DA:77,1
DA:78,7
DA:79,7
DA:80,7
DA:81,7
DA:82,7
DA:83,7
DA:84,7
DA:85,7
DA:86,7
DA:87,7
DA:88,7
DA:89,7
DA:90,7
DA:91,7
DA:92,7
DA:93,7
DA:94,7
DA:95,7
DA:96,7
DA:97,7
DA:98,7
DA:99,27
DA:100,27
DA:101,27
DA:102,27
DA:103,27
DA:104,27
DA:105,27
DA:106,27
DA:107,27
DA:108,27
DA:109,27
DA:110,27
DA:111,27
DA:112,27
DA:113,27
DA:114,27
DA:115,27
DA:116,27
DA:117,27
DA:118,27
DA:119,27
DA:120,27
DA:121,27
DA:122,27
DA:123,27
DA:124,27
DA:125,27
DA:126,27
DA:127,27
DA:128,27
DA:129,27
DA:130,27
DA:131,27
DA:132,27
DA:133,27
DA:134,27
DA:135,27
DA:136,27
DA:137,27
DA:138,27
DA:139,27
DA:140,27
DA:141,27
DA:142,27
DA:143,7
DA:144,7
DA:145,7
DA:146,7
DA:147,7
DA:148,7
DA:149,7
DA:150,7
DA:151,7
DA:152,7
DA:153,7
DA:154,7
DA:155,7
DA:156,7
DA:157,1
DA:158,1
DA:159,0
DA:160,0
DA:161,1
DA:162,1
DA:163,0
DA:164,0
DA:165,0
DA:166,0
DA:167,0
DA:168,0
DA:169,0
DA:170,0
DA:171,1
DA:172,1
DA:173,1
LF:173
LH:131
BRDA:1,0,0,1
BRDA:9,1,0,1
BRDA:21,2,0,5
BRDA:71,3,0,7
BRDA:77,4,0,7
BRDA:92,5,0,44
BRDA:98,6,0,27
BRF:7
BRH:7
end_of_record
TN:
SF:src/_mixins/StoreMixin.js
FN:3,StoreMixin
FN:10,connectedCallback
FN:15,disconnectedCallback
FN:23,_subscribeToStore
FN:31,_onStoreUpdate
FN:37,addEmployee
FN:43,updateEmployee
FN:49,deleteEmployee
FN:55,getEmployees
FN:62,getEmployeeById
FN:69,searchEmployees
FNF:11
FNH:5
FNDA:1,StoreMixin
FNDA:5,connectedCallback
FNDA:5,disconnectedCallback
FNDA:5,_subscribeToStore
FNDA:0,_onStoreUpdate
FNDA:0,addEmployee
FNDA:0,updateEmployee
FNDA:0,deleteEmployee
FNDA:5,getEmployees
FNDA:0,getEmployeeById
FNDA:0,searchEmployees
DA:1,1
DA:2,1
DA:3,1
DA:4,1
DA:5,1
DA:6,6
DA:7,6
DA:8,6
DA:9,1
DA:10,1
DA:11,5
DA:12,5
DA:13,5
DA:14,1
DA:15,1
DA:16,5
DA:17,5
DA:18,5
DA:19,5
DA:20,5
DA:21,5
DA:22,1
DA:23,1
DA:24,5
DA:25,5
DA:26,0
DA:27,5
DA:28,5
DA:29,5
DA:30,1
DA:31,1
DA:32,0
DA:33,0
DA:34,0
DA:35,1
DA:36,1
DA:37,1
DA:38,0
DA:39,0
DA:40,0
DA:41,0
DA:42,1
DA:43,1
DA:44,0
DA:45,0
DA:46,0
DA:47,0
DA:48,1
DA:49,1
DA:50,0
DA:51,0
DA:52,0
DA:53,0
DA:54,1
DA:55,1
DA:56,5
DA:57,5
DA:58,5
DA:59,0
DA:60,5
DA:61,1
DA:62,1
DA:63,0
DA:64,0
DA:65,0
DA:66,0
DA:67,0
DA:68,1
DA:69,1
DA:70,0
DA:71,0
DA:72,0
DA:73,0
DA:74,0
DA:75,1
LF:75
LH:48
BRDA:1,0,0,1
BRDA:3,1,0,1
BRDA:5,2,0,6
BRDA:10,3,0,5
BRDA:15,4,0,5
BRDA:23,5,0,5
BRDA:55,6,0,5
BRDA:59,7,0,0
BRF:8
BRH:7
end_of_record
TN:
SF:src/_shared/confirm-dialog/confirm-dialog.css.js
FNF:0
FNH:0
DA:1,1
DA:2,1
DA:3,1
DA:4,1
DA:5,1
DA:6,1
DA:7,1
DA:8,1
DA:9,1
DA:10,1
DA:11,1
DA:12,1
DA:13,1
DA:14,1
DA:15,1
DA:16,1
DA:17,1
DA:18,1
DA:19,1
DA:20,1
DA:21,1
DA:22,1
DA:23,1
DA:24,1
DA:25,1
DA:26,1
DA:27,1
DA:28,1
DA:29,1
DA:30,1
DA:31,1
DA:32,1
DA:33,1
DA:34,1
DA:35,1
DA:36,1
DA:37,1
DA:38,1
DA:39,1
DA:40,1
DA:41,1
DA:42,1
DA:43,1
DA:44,1
DA:45,1
DA:46,1
DA:47,1
DA:48,1
DA:49,1
DA:50,1
DA:51,1
DA:52,1
DA:53,1
DA:54,1
DA:55,1
DA:56,1
DA:57,1
DA:58,1
DA:59,1
DA:60,1
DA:61,1
DA:62,1
DA:63,1
DA:64,1
DA:65,1
DA:66,1
DA:67,1
DA:68,1
DA:69,1
DA:70,1
DA:71,1
DA:72,1
DA:73,1
DA:74,1
DA:75,1
DA:76,1
DA:77,1
DA:78,1
DA:79,1
DA:80,1
DA:81,1
DA:82,1
DA:83,1
DA:84,1
DA:85,1
DA:86,1
DA:87,1
DA:88,1
DA:89,1
DA:90,1
DA:91,1
DA:92,1
DA:93,1
DA:94,1
DA:95,1
DA:96,1
DA:97,1
DA:98,1
DA:99,1
DA:100,1
DA:101,1
LF:101
LH:101
BRDA:1,0,0,1
BRF:1
BRH:1
end_of_record
TN:
SF:src/_shared/confirm-dialog/confirm-dialog.js
FN:6,<static_initializer>
FN:12,ConfirmDialog
FN:18,_onProceed
FN:28,_onCancel
FN:34,render
FNF:5
FNH:3
FNDA:1,<static_initializer>
FNDA:6,ConfirmDialog
FNDA:0,_onProceed
FNDA:0,_onCancel
FNDA:6,render
DA:1,1
DA:2,1
DA:3,1
DA:4,1
DA:5,1
DA:6,1
DA:7,1
DA:8,1
DA:9,1
DA:10,1
DA:11,1
DA:12,1
DA:13,6
DA:14,6
DA:15,6
DA:16,6
DA:17,1
DA:18,1
DA:19,0
DA:20,0
DA:21,0
DA:22,0
DA:23,0
DA:24,0
DA:25,0
DA:26,0
DA:27,1
DA:28,1
DA:29,0
DA:30,0
DA:31,0
DA:32,0
DA:33,1
DA:34,1
DA:35,6
DA:36,0
DA:37,0
DA:38,6
DA:39,6
DA:40,6
DA:41,6
DA:42,6
DA:43,6
DA:44,6
DA:45,6
DA:46,6
DA:47,6
DA:48,6
DA:49,6
DA:50,6
DA:51,6
DA:52,6
DA:53,6
DA:54,6
DA:55,6
DA:56,6
DA:57,6
DA:58,6
DA:59,6
DA:60,6
DA:61,6
DA:62,6
DA:63,6
DA:64,1
DA:65,1
DA:66,1
LF:66
LH:52
BRDA:1,0,0,1
BRDA:6,1,0,1
BRDA:12,2,0,6
BRDA:34,3,0,6
BRDA:36,4,0,0
BRDA:38,5,0,0
BRF:6
BRH:4
end_of_record
TN:
SF:src/_shared/employee-card/employee-card.css.js
FNF:0
FNH:0
DA:1,1
DA:2,1
DA:3,1
DA:4,1
DA:5,1
DA:6,1
DA:7,1
DA:8,1
DA:9,1
DA:10,1
DA:11,1
DA:12,1
DA:13,1
DA:14,1
DA:15,1
DA:16,1
DA:17,1
DA:18,1
DA:19,1
DA:20,1
DA:21,1
DA:22,1
DA:23,1
DA:24,1
DA:25,1
DA:26,1
DA:27,1
DA:28,1
DA:29,1
DA:30,1
DA:31,1
DA:32,1
DA:33,1
DA:34,1
DA:35,1
DA:36,1
DA:37,1
DA:38,1
DA:39,1
DA:40,1
DA:41,1
DA:42,1
DA:43,1
DA:44,1
DA:45,1
DA:46,1
DA:47,1
DA:48,1
DA:49,1
DA:50,1
DA:51,1
DA:52,1
DA:53,1
DA:54,1
DA:55,1
DA:56,1
DA:57,1
DA:58,1
DA:59,1
DA:60,1
DA:61,1
DA:62,1
LF:62
LH:62
BRDA:1,0,0,1
BRF:1
BRH:1
end_of_record
TN:
SF:src/_shared/employee-card/employee-card.js
FN:7,<static_initializer>
FN:13,EmployeeCard
FN:18,render
FNF:3
FNH:3
FNDA:1,<static_initializer>
FNDA:4,EmployeeCard
FNDA:4,render
DA:1,1
DA:2,1
DA:3,1
DA:4,1
DA:5,1
DA:6,1
DA:7,1
DA:8,1
DA:9,1
DA:10,1
DA:11,1
DA:12,1
DA:13,1
DA:14,4
DA:15,4
DA:16,4
DA:17,1
DA:18,1
DA:19,4
DA:20,4
DA:21,4
DA:22,4
DA:23,4
DA:24,4
DA:25,4
DA:26,4
DA:27,4
DA:28,4
DA:29,4
DA:30,4
DA:31,4
DA:32,4
DA:33,4
DA:34,4
DA:35,4
DA:36,4
DA:37,4
DA:38,4
DA:39,4
DA:40,4
DA:41,4
DA:42,4
DA:43,4
DA:44,4
DA:45,4
DA:46,4
DA:47,4
DA:48,4
DA:49,4
DA:50,4
DA:51,4
DA:52,4
DA:53,4
DA:54,4
DA:55,4
DA:56,4
DA:57,4
DA:58,4
DA:59,4
DA:60,4
DA:61,4
DA:62,4
DA:63,4
DA:64,4
DA:65,4
DA:66,4
DA:67,4
DA:68,4
DA:69,4
DA:70,4
DA:71,4
DA:72,4
DA:73,4
DA:74,4
DA:75,4
DA:76,4
DA:77,4
DA:78,4
DA:79,4
DA:80,4
DA:81,4
DA:82,4
DA:83,4
DA:84,4
DA:85,4
DA:86,4
DA:87,4
DA:88,1
DA:89,1
DA:90,1
LF:90
LH:90
BRDA:1,0,0,1
BRDA:7,1,0,1
BRDA:13,2,0,4
BRDA:18,3,0,4
BRF:4
BRH:4
end_of_record
TN:
SF:src/_shared/simple-pagination/simple-pagination.css.js
FNF:0
FNH:0
DA:1,1
DA:2,1
DA:3,1
DA:4,1
DA:5,1
DA:6,1
DA:7,1
DA:8,1
DA:9,1
DA:10,1
DA:11,1
DA:12,1
DA:13,1
DA:14,1
DA:15,1
DA:16,1
DA:17,1
DA:18,1
DA:19,1
DA:20,1
DA:21,1
DA:22,1
DA:23,1
DA:24,1
DA:25,1
DA:26,1
DA:27,1
DA:28,1
DA:29,1
DA:30,1
DA:31,1
DA:32,1
DA:33,1
DA:34,1
DA:35,1
DA:36,1
DA:37,1
DA:38,1
DA:39,1
LF:39
LH:39
BRDA:1,0,0,1
BRF:1
BRH:1
end_of_record
TN:
SF:src/_shared/simple-pagination/simple-pagination.js
FN:5,<static_initializer>
FN:12,SimplePagination
FN:18,setPage
FN:31,getPageList
FN:85,render
FNF:5
FNH:4
FNDA:1,<static_initializer>
FNDA:6,SimplePagination
FNDA:0,setPage
FNDA:8,getPageList
FNDA:8,render
DA:1,1
DA:2,1
DA:3,1
DA:4,1
DA:5,1
DA:6,1
DA:7,1
DA:8,1
DA:9,1
DA:10,1
DA:11,1
DA:12,1
DA:13,6
DA:14,6
DA:15,6
DA:16,6
DA:17,1
DA:18,1
DA:19,0
DA:20,0
DA:21,0
DA:22,0
DA:23,0
DA:24,0
DA:25,0
DA:26,0
DA:27,0
DA:28,0
DA:29,0
DA:30,1
DA:31,1
DA:32,8
DA:33,8
DA:34,2
DA:35,2
DA:36,2
DA:37,2
DA:38,2
DA:39,2
DA:40,8
DA:41,8
DA:42,8
DA:43,8
DA:44,8
DA:45,6
DA:46,6
DA:47,30
DA:48,30
DA:49,6
DA:50,6
DA:51,6
DA:52,6
DA:53,6
DA:54,6
DA:55,0
DA:56,0
DA:57,0
DA:58,0
DA:59,0
DA:60,0
DA:61,0
DA:62,0
DA:63,0
DA:64,0
DA:65,0
DA:66,0
DA:67,0
DA:68,0
DA:69,0
DA:70,0
DA:71,0
DA:72,0
DA:73,0
DA:74,0
DA:75,0
DA:76,0
DA:77,0
DA:78,0
DA:79,0
DA:80,0
DA:81,0
DA:82,0
DA:83,8
DA:84,1
DA:85,1
DA:86,8
DA:87,8
DA:88,8
DA:89,8
DA:90,8
DA:91,8
DA:92,8
DA:93,8
DA:94,8
DA:95,8
DA:96,44
DA:97,44
DA:98,44
DA:99,38
DA:100,38
DA:101,38
DA:102,38
DA:103,38
DA:104,38
DA:105,38
DA:106,38
DA:107,8
DA:108,8
DA:109,8
DA:110,8
DA:111,8
DA:112,8
DA:113,8
DA:114,8
DA:115,8
DA:116,8
DA:117,1
DA:118,1
DA:119,1
LF:119
LH:80
BRDA:1,0,0,1
BRDA:5,1,0,1
BRDA:12,2,0,6
BRDA:31,3,0,8
BRDA:32,4,0,0
BRDA:33,5,0,2
BRDA:40,6,0,6
BRDA:40,7,0,0
BRDA:44,8,0,6
BRDA:46,9,0,30
BRDA:55,10,0,0
BRDA:85,11,0,8
BRDA:95,12,0,44
BRDA:97,13,0,6
BRDA:98,14,0,38
BRDA:100,15,0,8
BRDA:100,16,0,30
BRF:17
BRH:14
end_of_record
TN:
SF:src/screens/employee-list/employee-list.css.js
FNF:0
FNH:0
DA:1,1
DA:2,1
DA:3,1
DA:4,1
DA:5,1
DA:6,1
DA:7,1
DA:8,1
DA:9,1
DA:10,1
DA:11,1
DA:12,1
DA:13,1
DA:14,1
DA:15,1
DA:16,1
DA:17,1
DA:18,1
DA:19,1
DA:20,1
DA:21,1
DA:22,1
DA:23,1
DA:24,1
DA:25,1
DA:26,1
DA:27,1
DA:28,1
DA:29,1
LF:29
LH:29
BRDA:1,0,0,1
BRF:1
BRH:1
end_of_record
TN:
SF:src/screens/employee-list/employee-list.js
FN:14,<static_initializer>
FN:22,EmployeeList
FN:31,connectedCallback
FN:36,_onStoreUpdate
FN:41,_onDeleteRequest
FN:46,_onDialogConfirm
FN:53,_onDialogCancel
FN:58,render
FNF:8
FNH:4
FNDA:1,<static_initializer>
FNDA:6,EmployeeList
FNDA:5,connectedCallback
FNDA:0,_onStoreUpdate
FNDA:0,_onDeleteRequest
FNDA:0,_onDialogConfirm
FNDA:0,_onDialogCancel
FNDA:9,render
DA:1,1
DA:2,1
DA:3,1
DA:4,1
DA:5,1
DA:6,1
DA:7,1
DA:8,1
DA:9,1
DA:10,1
DA:11,1
DA:12,1
DA:13,1
DA:14,1
DA:15,1
DA:16,1
DA:17,1
DA:18,1
DA:19,1
DA:20,1
DA:21,1
DA:22,1
DA:23,6
DA:24,6
DA:25,6
DA:26,6
DA:27,6
DA:28,6
DA:29,6
DA:30,1
DA:31,1
DA:32,5
DA:33,5
DA:34,5
DA:35,1
DA:36,1
DA:37,0
DA:38,0
DA:39,0
DA:40,1
DA:41,1
DA:42,0
DA:43,0
DA:44,0
DA:45,1
DA:46,1
DA:47,0
DA:48,0
DA:49,0
DA:50,0
DA:51,0
DA:52,1
DA:53,1
DA:54,0
DA:55,0
DA:56,0
DA:57,1
DA:58,1
DA:59,9
DA:60,1
DA:61,1
DA:62,1
DA:63,1
DA:64,1
DA:65,1
DA:66,1
DA:67,1
DA:68,1
DA:69,1
DA:70,1
DA:71,1
DA:72,1
DA:73,1
DA:74,1
DA:75,1
DA:76,1
DA:77,8
DA:78,8
DA:79,8
DA:80,8
DA:81,8
DA:82,8
DA:83,8
DA:84,8
DA:85,8
DA:86,8
DA:87,8
DA:88,8
DA:89,8
DA:90,8
DA:91,8
DA:92,8
DA:93,8
DA:94,8
DA:95,8
DA:96,8
DA:97,8
DA:98,8
DA:99,8
DA:100,8
DA:101,8
DA:102,9
DA:103,7
DA:104,7
DA:105,7
DA:106,7
DA:107,9
DA:108,1
DA:109,1
DA:110,1
DA:111,9
DA:112,9
DA:113,9
DA:114,9
DA:115,9
DA:116,9
DA:117,9
DA:118,9
DA:119,9
DA:120,9
DA:121,1
DA:122,1
DA:123,1
LF:123
LH:109
BRDA:1,0,0,1
BRDA:14,1,0,1
BRDA:22,2,0,6
BRDA:31,3,0,5
BRDA:58,4,0,9
BRDA:59,5,0,1
BRDA:77,6,0,8
BRDA:102,7,0,7
BRDA:107,8,0,1
BRDA:97,9,0,1
BRF:10
BRH:10
end_of_record
TN:
SF:src/stores/employeeStore.js
FN:8,get
FN:13,getById
FN:18,subscribe
FN:31,notify
FN:36,set
FN:42,add
FN:52,update
FN:61,delete
FN:66,generateId
FN:72,search
FN:88,filterByDepartment
FN:94,filterByPosition
FNF:12
FNH:2
FNDA:5,get
FNDA:0,getById
FNDA:5,subscribe
FNDA:0,notify
FNDA:0,set
FNDA:0,add
FNDA:0,update
FNDA:0,delete
FNDA:0,generateId
FNDA:0,search
FNDA:0,filterByDepartment
FNDA:0,filterByPosition
DA:1,1
DA:2,1
DA:3,1
DA:4,1
DA:5,1
DA:6,1
DA:7,1
DA:8,1
DA:9,5
DA:10,1
DA:11,1
DA:12,1
DA:13,1
DA:14,0
DA:15,1
DA:16,1
DA:17,1
DA:18,1
DA:19,5
DA:20,5
DA:21,5
DA:22,5
DA:23,5
DA:24,5
DA:25,5
DA:26,5
DA:27,5
DA:28,1
DA:29,1
DA:30,1
DA:31,1
DA:32,0
DA:33,1
DA:34,1
DA:35,1
DA:36,1
DA:37,0
DA:38,0
DA:39,1
DA:40,1
DA:41,1
DA:42,1
DA:43,0
DA:44,0
DA:45,0
DA:46,0
DA:47,0
DA:48,0
DA:49,1
DA:50,1
DA:51,1
DA:52,1
DA:53,0
DA:54,0
DA:55,0
DA:56,0
DA:57,0
DA:58,1
DA:59,1
DA:60,1
DA:61,1
DA:62,0
DA:63,1
DA:64,1
DA:65,1
DA:66,1
DA:67,0
DA:68,0
DA:69,1
DA:70,1
DA:71,1
DA:72,1
DA:73,0
DA:74,0
DA:75,0
DA:76,0
DA:77,0
DA:78,0
DA:79,0
DA:80,0
DA:81,0
DA:82,0
DA:83,0
DA:84,0
DA:85,1
DA:86,1
DA:87,1
DA:88,1
DA:89,0
DA:90,0
DA:91,1
DA:92,1
DA:93,1
DA:94,1
DA:95,0
DA:96,0
DA:97,1
DA:98,1
LF:98
LH:64
BRDA:1,0,0,1
BRDA:8,1,0,5
BRDA:18,2,0,5
BRDA:22,3,0,5
BRF:4
BRH:4
end_of_record
TN:
SF:src/stores/mockDataEmployee.js
FNF:0
FNH:0
DA:1,1
DA:2,1
DA:3,1
DA:4,1
DA:5,1
DA:6,1
DA:7,1
DA:8,1
DA:9,1
DA:10,1
DA:11,1
DA:12,1
DA:13,1
DA:14,1
DA:15,1
DA:16,1
DA:17,1
DA:18,1
DA:19,1
DA:20,1
DA:21,1
DA:22,1
DA:23,1
DA:24,1
DA:25,1
DA:26,1
DA:27,1
DA:28,1
DA:29,1
DA:30,1
DA:31,1
DA:32,1
DA:33,1
DA:34,1
DA:35,1
DA:36,1
DA:37,1
DA:38,1
DA:39,1
DA:40,1
DA:41,1
DA:42,1
DA:43,1
DA:44,1
DA:45,1
DA:46,1
DA:47,1
DA:48,1
DA:49,1
DA:50,1
DA:51,1
DA:52,1
DA:53,1
DA:54,1
DA:55,1
DA:56,1
DA:57,1
DA:58,1
DA:59,1
DA:60,1
DA:61,1
DA:62,1
DA:63,1
DA:64,1
DA:65,1
DA:66,1
DA:67,1
DA:68,1
DA:69,1
DA:70,1
DA:71,1
DA:72,1
DA:73,1
DA:74,1
DA:75,1
DA:76,1
DA:77,1
DA:78,1
DA:79,1
DA:80,1
DA:81,1
DA:82,1
DA:83,1
DA:84,1
DA:85,1
DA:86,1
DA:87,1
DA:88,1
DA:89,1
DA:90,1
DA:91,1
DA:92,1
DA:93,1
DA:94,1
DA:95,1
DA:96,1
DA:97,1
DA:98,1
DA:99,1
DA:100,1
DA:101,1
DA:102,1
DA:103,1
DA:104,1
DA:105,1
DA:106,1
DA:107,1
DA:108,1
DA:109,1
DA:110,1
DA:111,1
DA:112,1
DA:113,1
DA:114,1
DA:115,1
DA:116,1
DA:117,1
DA:118,1
DA:119,1
DA:120,1
DA:121,1
DA:122,1
DA:123,1
DA:124,1
DA:125,1
DA:126,1
DA:127,1
DA:128,1
DA:129,1
DA:130,1
DA:131,1
DA:132,1
DA:133,1
DA:134,1
DA:135,1
DA:136,1
DA:137,1
DA:138,1
DA:139,1
DA:140,1
DA:141,1
DA:142,1
DA:143,1
DA:144,1
DA:145,1
DA:146,1
DA:147,1
DA:148,1
DA:149,1
DA:150,1
DA:151,1
DA:152,1
DA:153,1
DA:154,1
DA:155,1
DA:156,1
DA:157,1
DA:158,1
DA:159,1
DA:160,1
DA:161,1
DA:162,1
DA:163,1
DA:164,1
DA:165,1
DA:166,1
DA:167,1
DA:168,1
DA:169,1
DA:170,1
DA:171,1
DA:172,1
DA:173,1
DA:174,1
DA:175,1
DA:176,1
DA:177,1
DA:178,1
DA:179,1
DA:180,1
DA:181,1
DA:182,1
DA:183,1
DA:184,1
DA:185,1
DA:186,1
DA:187,1
DA:188,1
DA:189,1
DA:190,1
DA:191,1
DA:192,1
DA:193,1
DA:194,1
DA:195,1
DA:196,1
DA:197,1
DA:198,1
DA:199,1
DA:200,1
DA:201,1
DA:202,1
DA:203,1
DA:204,1
DA:205,1
DA:206,1
DA:207,1
DA:208,1
DA:209,1
DA:210,1
DA:211,1
DA:212,1
DA:213,1
DA:214,1
DA:215,1
DA:216,1
DA:217,1
DA:218,1
DA:219,1
DA:220,1
DA:221,1
DA:222,1
DA:223,1
DA:224,1
DA:225,1
DA:226,1
DA:227,1
DA:228,1
DA:229,1
DA:230,1
DA:231,1
DA:232,1
DA:233,1
DA:234,1
DA:235,1
DA:236,1
DA:237,1
DA:238,1
DA:239,1
DA:240,1
DA:241,1
DA:242,1
DA:243,1
DA:244,1
DA:245,1
DA:246,1
DA:247,1
DA:248,1
DA:249,1
DA:250,1
DA:251,1
DA:252,1
DA:253,1
DA:254,1
DA:255,1
DA:256,1
DA:257,1
DA:258,1
DA:259,1
DA:260,1
DA:261,1
DA:262,1
DA:263,1
DA:264,1
DA:265,1
DA:266,1
DA:267,1
DA:268,1
DA:269,1
DA:270,1
DA:271,1
DA:272,1
DA:273,1
DA:274,1
DA:275,1
DA:276,1
DA:277,1
DA:278,1
DA:279,1
DA:280,1
DA:281,1
DA:282,1
DA:283,1
DA:284,1
DA:285,1
DA:286,1
DA:287,1
DA:288,1
DA:289,1
DA:290,1
DA:291,1
DA:292,1
DA:293,1
DA:294,1
DA:295,1
DA:296,1
DA:297,1
DA:298,1
DA:299,1
DA:300,1
DA:301,1
DA:302,1
DA:303,1
DA:304,1
DA:305,1
DA:306,1
DA:307,1
DA:308,1
DA:309,1
DA:310,1
DA:311,1
DA:312,1
DA:313,1
DA:314,1
DA:315,1
DA:316,1
DA:317,1
DA:318,1
DA:319,1
DA:320,1
DA:321,1
DA:322,1
DA:323,1
DA:324,1
DA:325,1
DA:326,1
DA:327,1
DA:328,1
DA:329,1
DA:330,1
DA:331,1
DA:332,1
DA:333,1
DA:334,1
DA:335,1
DA:336,1
DA:337,1
DA:338,1
DA:339,1
DA:340,1
DA:341,1
DA:342,1
DA:343,1
DA:344,1
DA:345,1
DA:346,1
DA:347,1
DA:348,1
DA:349,1
DA:350,1
DA:351,1
DA:352,1
DA:353,1
DA:354,1
DA:355,1
DA:356,1
DA:357,1
DA:358,1
DA:359,1
DA:360,1
DA:361,1
DA:362,1
DA:363,1
DA:364,1
DA:365,1
DA:366,1
DA:367,1
DA:368,1
DA:369,1
DA:370,1
DA:371,1
DA:372,1
DA:373,1
DA:374,1
DA:375,1
DA:376,1
DA:377,1
DA:378,1
DA:379,1
DA:380,1
DA:381,1
DA:382,1
DA:383,1
DA:384,1
DA:385,1
DA:386,1
DA:387,1
DA:388,1
DA:389,1
DA:390,1
DA:391,1
DA:392,1
DA:393,1
DA:394,1
DA:395,1
DA:396,1
DA:397,1
DA:398,1
DA:399,1
DA:400,1
DA:401,1
DA:402,1
DA:403,1
DA:404,1
DA:405,1
DA:406,1
DA:407,1
DA:408,1
DA:409,1
DA:410,1
DA:411,1
DA:412,1
DA:413,1
DA:414,1
DA:415,1
DA:416,1
DA:417,1
DA:418,1
DA:419,1
DA:420,1
DA:421,1
DA:422,1
DA:423,1
DA:424,1
DA:425,1
DA:426,1
DA:427,1
DA:428,1
DA:429,1
DA:430,1
DA:431,1
DA:432,1
DA:433,1
DA:434,1
DA:435,1
DA:436,1
DA:437,1
DA:438,1
DA:439,1
DA:440,1
DA:441,1
DA:442,1
DA:443,1
DA:444,1
DA:445,1
DA:446,1
DA:447,1
DA:448,1
DA:449,1
DA:450,1
DA:451,1
DA:452,1
DA:453,1
DA:454,1
DA:455,1
DA:456,1
DA:457,1
DA:458,1
DA:459,1
DA:460,1
DA:461,1
DA:462,1
DA:463,1
DA:464,1
DA:465,1
DA:466,1
DA:467,1
DA:468,1
DA:469,1
DA:470,1
DA:471,1
DA:472,1
DA:473,1
DA:474,1
DA:475,1
DA:476,1
DA:477,1
DA:478,1
DA:479,1
DA:480,1
DA:481,1
DA:482,1
DA:483,1
DA:484,1
DA:485,1
DA:486,1
DA:487,1
DA:488,1
DA:489,1
DA:490,1
DA:491,1
DA:492,1
DA:493,1
DA:494,1
DA:495,1
DA:496,1
DA:497,1
DA:498,1
DA:499,1
DA:500,1
DA:501,1
DA:502,1
DA:503,1
DA:504,1
DA:505,1
DA:506,1
DA:507,1
DA:508,1
DA:509,1
DA:510,1
DA:511,1
DA:512,1
DA:513,1
DA:514,1
DA:515,1
DA:516,1
DA:517,1
DA:518,1
DA:519,1
DA:520,1
DA:521,1
DA:522,1
DA:523,1
DA:524,1
DA:525,1
DA:526,1
DA:527,1
DA:528,1
DA:529,1
DA:530,1
DA:531,1
DA:532,1
DA:533,1
DA:534,1
DA:535,1
DA:536,1
DA:537,1
DA:538,1
DA:539,1
DA:540,1
DA:541,1
DA:542,1
DA:543,1
DA:544,1
DA:545,1
DA:546,1
DA:547,1
DA:548,1
DA:549,1
DA:550,1
DA:551,1
DA:552,1
DA:553,1
DA:554,1
DA:555,1
DA:556,1
DA:557,1
DA:558,1
DA:559,1
DA:560,1
DA:561,1
DA:562,1
DA:563,1
DA:564,1
DA:565,1
DA:566,1
DA:567,1
DA:568,1
DA:569,1
DA:570,1
DA:571,1
DA:572,1
DA:573,1
DA:574,1
DA:575,1
DA:576,1
DA:577,1
DA:578,1
DA:579,1
DA:580,1
DA:581,1
DA:582,1
DA:583,1
DA:584,1
DA:585,1
DA:586,1
DA:587,1
DA:588,1
DA:589,1
DA:590,1
DA:591,1
DA:592,1
DA:593,1
DA:594,1
DA:595,1
DA:596,1
DA:597,1
DA:598,1
DA:599,1
DA:600,1
DA:601,1
DA:602,1
DA:603,1
DA:604,1
DA:605,1
DA:606,1
DA:607,1
DA:608,1
DA:609,1
DA:610,1
DA:611,1
DA:612,1
DA:613,1
DA:614,1
DA:615,1
DA:616,1
DA:617,1
DA:618,1
DA:619,1
DA:620,1
DA:621,1
DA:622,1
DA:623,1
DA:624,1
DA:625,1
DA:626,1
DA:627,1
DA:628,1
DA:629,1
DA:630,1
DA:631,1
DA:632,1
DA:633,1
DA:634,1
DA:635,1
DA:636,1
DA:637,1
DA:638,1
DA:639,1
DA:640,1
DA:641,1
DA:642,1
DA:643,1
DA:644,1
DA:645,1
DA:646,1
DA:647,1
DA:648,1
DA:649,1
DA:650,1
DA:651,1
DA:652,1
DA:653,1
DA:654,1
DA:655,1
DA:656,1
DA:657,1
DA:658,1
DA:659,1
DA:660,1
DA:661,1
DA:662,1
LF:662
LH:662
BRDA:1,0,0,1
BRF:1
BRH:1
end_of_record
