TN:
SF:my-element.js
FN:17,get styles
FN:28,get properties
FN:44,MyElement
FN:50,render
FN:60,_onClick
FN:70,sayHello
FNF:6
FNH:6
FNDA:1,get styles
FNDA:1,get properties
FNDA:5,MyElement
FNDA:5,render
FNDA:1,_onClick
FNDA:5,sayHello
DA:1,1
DA:2,1
DA:3,1
DA:4,1
DA:5,1
DA:6,1
DA:7,1
DA:8,1
DA:9,1
DA:10,1
DA:11,1
DA:12,1
DA:13,1
DA:14,1
DA:15,1
DA:16,1
DA:17,1
DA:18,1
DA:19,1
DA:20,1
DA:21,1
DA:22,1
DA:23,1
DA:24,1
DA:25,1
DA:26,1
DA:27,1
DA:28,1
DA:29,1
DA:30,1
DA:31,1
DA:32,1
DA:33,1
DA:34,1
DA:35,1
DA:36,1
DA:37,1
DA:38,1
DA:39,1
DA:40,1
DA:41,1
DA:42,1
DA:43,1
DA:44,1
DA:45,5
DA:46,5
DA:47,5
DA:48,5
DA:49,1
DA:50,1
DA:51,5
DA:52,5
DA:53,5
DA:54,5
DA:55,5
DA:56,5
DA:57,5
DA:58,5
DA:59,1
DA:60,1
DA:61,1
DA:62,1
DA:63,1
DA:64,1
DA:65,1
DA:66,1
DA:67,1
DA:68,1
DA:69,1
DA:70,1
DA:71,5
DA:72,5
DA:73,1
DA:74,1
DA:75,1
LF:75
LH:75
BRDA:1,0,0,1
BRDA:17,1,0,1
BRDA:28,2,0,1
BRDA:44,3,0,5
BRDA:50,4,0,5
BRDA:60,5,0,1
BRDA:70,6,0,5
BRF:7
BRH:7
end_of_record
TN:
SF:src/helperFunctions.js
FN:1,getObjectKeys
FN:7,toISODate
FN:15,fromISODate
FNF:3
FNH:3
FNDA:15,getObjectKeys
FNDA:32,toISODate
FNDA:17,fromISODate
DA:1,4
DA:2,15
DA:3,4
DA:4,4
DA:5,11
DA:6,15
DA:7,4
DA:8,32
DA:9,32
DA:10,15
DA:11,32
DA:12,12
DA:13,32
DA:14,4
DA:15,4
DA:16,17
DA:17,17
DA:18,14
DA:19,17
DA:20,11
DA:21,17
LF:21
LH:21
BRDA:1,0,0,4
BRDA:15,1,0,18
BRDA:17,2,0,4
BRDA:19,3,0,4
BRDA:7,4,0,34
BRDA:9,5,0,19
BRDA:10,6,0,17
BRDA:11,7,0,15
BRDA:11,8,0,5
BRDA:12,9,0,14
BRDA:1,10,0,17
BRDA:2,11,0,6
BRDA:5,12,0,69
BRDA:2,13,0,15
BRDA:2,14,0,14
BRDA:5,15,0,13
BRDA:18,16,0,15
BRDA:19,17,0,13
BRDA:20,18,0,12
BRF:19
BRH:19
end_of_record
TN:
SF:src/i18n.js
FN:70,getCurrentLang
FN:74,t
FNF:2
FNH:2
FNDA:830,getCurrentLang
FNDA:830,t
DA:1,8
DA:2,8
DA:3,8
DA:4,8
DA:5,8
DA:6,8
DA:7,8
DA:8,8
DA:9,8
DA:10,8
DA:11,8
DA:12,8
DA:13,8
DA:14,8
DA:15,8
DA:16,8
DA:17,8
DA:18,8
DA:19,8
DA:20,8
DA:21,8
DA:22,8
DA:23,8
DA:24,8
DA:25,8
DA:26,8
DA:27,8
DA:28,8
DA:29,8
DA:30,8
DA:31,8
DA:32,8
DA:33,8
DA:34,8
DA:35,8
DA:36,8
DA:37,8
DA:38,8
DA:39,8
DA:40,8
DA:41,8
DA:42,8
DA:43,8
DA:44,8
DA:45,8
DA:46,8
DA:47,8
DA:48,8
DA:49,8
DA:50,8
DA:51,8
DA:52,8
DA:53,8
DA:54,8
DA:55,8
DA:56,8
DA:57,8
DA:58,8
DA:59,8
DA:60,8
DA:61,8
DA:62,8
DA:63,8
DA:64,8
DA:65,8
DA:66,8
DA:67,8
DA:68,8
DA:69,8
DA:70,8
DA:71,830
DA:72,830
DA:73,8
DA:74,8
DA:75,830
DA:76,830
DA:77,830
DA:78,830
DA:79,830
DA:80,830
DA:81,3
DA:82,3
DA:83,3
DA:84,3
DA:85,830
DA:86,830
LF:86
LH:86
BRDA:1,0,0,8
BRDA:70,1,0,830
BRDA:74,2,0,830
BRDA:79,3,0,0
BRDA:80,4,0,3
BRDA:80,5,0,3
BRDA:81,6,0,3
BRDA:71,7,0,822
BRF:8
BRH:7
end_of_record
TN:
SF:src/_base/BaseComponent.js
FN:4,BaseComponent
FN:9,connectedCallback
FN:14,disconnectedCallback
FN:23,_subscribeToLanguageChanges
FN:24,_langChanged
FNF:5
FNH:5
FNDA:84,BaseComponent
FNDA:77,connectedCallback
FNDA:77,disconnectedCallback
FNDA:79,_subscribeToLanguageChanges
FNDA:4,_langChanged
DA:1,8
DA:2,8
DA:3,8
DA:4,8
DA:5,84
DA:6,84
DA:7,84
DA:8,8
DA:9,8
DA:10,77
DA:11,77
DA:12,77
DA:13,8
DA:14,8
DA:15,77
DA:16,77
DA:17,77
DA:18,77
DA:19,77
DA:20,77
DA:21,8
DA:22,8
DA:23,8
DA:24,79
DA:25,79
DA:26,79
DA:27,8
LF:27
LH:27
BRDA:1,0,0,8
BRDA:23,1,0,79
BRDA:24,2,0,73
BRDA:4,3,0,85
BRDA:9,4,0,78
BRDA:14,5,0,78
BRF:6
BRH:6
end_of_record
TN:
SF:src/_components/date-picker/date-picker.css.js
FNF:0
FNH:0
DA:1,2
DA:2,2
DA:3,2
DA:4,2
DA:5,2
DA:6,2
DA:7,2
DA:8,2
DA:9,2
DA:10,2
DA:11,2
DA:12,2
DA:13,2
DA:14,2
DA:15,2
DA:16,2
DA:17,2
DA:18,2
DA:19,2
DA:20,2
DA:21,2
DA:22,2
DA:23,2
DA:24,2
DA:25,2
DA:26,2
DA:27,2
DA:28,2
DA:29,2
DA:30,2
DA:31,2
DA:32,2
DA:33,2
DA:34,2
DA:35,2
DA:36,2
DA:37,2
DA:38,2
DA:39,2
DA:40,2
DA:41,2
DA:42,2
DA:43,2
DA:44,2
DA:45,2
DA:46,2
DA:47,2
DA:48,2
DA:49,2
LF:49
LH:49
BRDA:1,0,0,2
BRF:1
BRH:1
end_of_record
TN:
SF:src/_components/date-picker/date-picker.js
FN:39,formatDate
FN:46,parseDate
FN:83,formatDate
FN:90,parseDate
FN:96,getCurrentLang
FN:101,<static_initializer>
FN:111,DatePicker
FN:120,get _i18n
FN:124,render
FN:141,_onValueChanged
FNF:10
FNH:8
FNDA:0,formatDate
FNDA:0,parseDate
FNDA:13,formatDate
FNDA:48,parseDate
FNDA:40,getCurrentLang
FNDA:2,<static_initializer>
FNDA:15,DatePicker
FNDA:20,get _i18n
FNDA:20,render
FNDA:21,_onValueChanged
DA:1,2
DA:2,2
DA:3,2
DA:4,2
DA:5,2
DA:6,2
DA:7,2
DA:8,2
DA:9,2
DA:10,2
DA:11,2
DA:12,2
DA:13,2
DA:14,2
DA:15,2
DA:16,2
DA:17,2
DA:18,2
DA:19,2
DA:20,2
DA:21,2
DA:22,2
DA:23,2
DA:24,2
DA:25,2
DA:26,2
DA:27,2
DA:28,2
DA:29,2
DA:30,2
DA:31,2
DA:32,2
DA:33,2
DA:34,2
DA:35,2
DA:36,2
DA:37,2
DA:38,2
DA:39,2
DA:40,0
DA:41,0
DA:42,0
DA:43,0
DA:44,0
DA:45,2
DA:46,2
DA:47,0
DA:48,0
DA:49,2
DA:50,2
DA:51,2
DA:52,2
DA:53,2
DA:54,2
DA:55,2
DA:56,2
DA:57,2
DA:58,2
DA:59,2
DA:60,2
DA:61,2
DA:62,2
DA:63,2
DA:64,2
DA:65,2
DA:66,2
DA:67,2
DA:68,2
DA:69,2
DA:70,2
DA:71,2
DA:72,2
DA:73,2
DA:74,2
DA:75,2
DA:76,2
DA:77,2
DA:78,2
DA:79,2
DA:80,2
DA:81,2
DA:82,2
DA:83,2
DA:84,13
DA:85,13
DA:86,13
DA:87,13
DA:88,13
DA:89,2
DA:90,2
DA:91,48
DA:92,48
DA:93,2
DA:94,2
DA:95,2
DA:96,40
DA:97,40
DA:98,40
DA:99,2
DA:100,2
DA:101,2
DA:102,2
DA:103,2
DA:104,2
DA:105,2
DA:106,2
DA:107,2
DA:108,2
DA:109,2
DA:110,2
DA:111,2
DA:112,15
DA:113,15
DA:114,15
DA:115,15
DA:116,15
DA:117,15
DA:118,15
DA:119,2
DA:120,2
DA:121,20
DA:122,20
DA:123,2
DA:124,2
DA:125,20
DA:126,20
DA:127,20
DA:128,20
DA:129,20
DA:130,20
DA:131,20
DA:132,20
DA:133,20
DA:134,20
DA:135,20
DA:136,20
DA:137,20
DA:138,20
DA:139,20
DA:140,2
DA:141,2
DA:142,21
DA:143,7
DA:144,7
DA:145,7
DA:146,7
DA:147,7
DA:148,7
DA:149,7
DA:150,7
DA:151,7
DA:152,21
DA:153,2
DA:154,2
DA:155,2
LF:155
LH:148
BRDA:1,0,0,2
BRDA:83,1,0,13
BRDA:84,2,0,0
BRDA:90,3,0,48
BRDA:96,4,0,40
BRDA:101,5,0,2
BRDA:111,6,0,15
BRDA:120,7,0,20
BRDA:121,8,0,0
BRDA:124,9,0,20
BRDA:128,10,0,19
BRDA:130,11,0,0
BRDA:134,12,0,15
BRDA:134,13,0,5
BRDA:135,14,0,15
BRDA:136,15,0,21
BRDA:141,16,0,21
BRDA:142,17,0,7
BRF:18
BRH:15
end_of_record
TN:
SF:src/_components/grid-app/grid-app.css.js
FNF:0
FNH:0
DA:1,2
DA:2,2
DA:3,2
DA:4,2
DA:5,2
DA:6,2
DA:7,2
DA:8,2
DA:9,2
DA:10,2
DA:11,2
DA:12,2
DA:13,2
DA:14,2
DA:15,2
DA:16,2
DA:17,2
DA:18,2
DA:19,2
DA:20,2
LF:20
LH:20
BRDA:1,0,0,2
BRF:1
BRH:1
end_of_record
TN:
SF:src/_components/grid-app/grid-app.js
FN:10,<static_initializer>
FN:22,GridApp
FN:34,toggleSelectAll
FN:57,toggleRowSelect
FN:68,onPageChange
FN:72,getCurrentPageRows
FN:78,render
FN:106,editRow
FN:110,deleteRow
FNF:9
FNH:8
FNDA:2,<static_initializer>
FNDA:11,GridApp
FNDA:2,toggleSelectAll
FNDA:2,toggleRowSelect
FNDA:1,onPageChange
FNDA:27,getCurrentPageRows
FNDA:20,render
FNDA:0,editRow
FNDA:1,deleteRow
DA:1,2
DA:2,2
DA:3,2
DA:4,2
DA:5,2
DA:6,2
DA:7,2
DA:8,2
DA:9,2
DA:10,2
DA:11,2
DA:12,2
DA:13,2
DA:14,2
DA:15,2
DA:16,2
DA:17,2
DA:18,2
DA:19,2
DA:20,2
DA:21,2
DA:22,2
DA:23,11
DA:24,11
DA:25,11
DA:26,11
DA:27,11
DA:28,11
DA:29,11
DA:30,11
DA:31,11
DA:32,11
DA:33,2
DA:34,2
DA:35,2
DA:36,2
DA:37,2
DA:38,2
DA:39,1
DA:40,1
DA:41,2
DA:42,2
DA:43,2
DA:44,1
DA:45,1
DA:46,1
DA:47,1
DA:48,1
DA:49,1
DA:50,1
DA:51,2
DA:52,2
DA:53,3
DA:54,2
DA:55,2
DA:56,2
DA:57,2
DA:58,2
DA:59,1
DA:60,1
DA:61,1
DA:62,1
DA:63,2
DA:64,2
DA:65,2
DA:66,2
DA:67,2
DA:68,2
DA:69,1
DA:70,1
DA:71,2
DA:72,2
DA:73,27
DA:74,27
DA:75,27
DA:76,27
DA:77,2
DA:78,2
DA:79,20
DA:80,20
DA:81,20
DA:82,20
DA:83,20
DA:84,20
DA:85,20
DA:86,20
DA:87,10
DA:88,19
DA:89,19
DA:90,19
DA:91,19
DA:92,19
DA:93,19
DA:94,20
DA:95,20
DA:96,20
DA:97,20
DA:98,20
DA:99,20
DA:100,20
DA:101,20
DA:102,20
DA:103,20
DA:104,20
DA:105,2
DA:106,2
DA:107,0
DA:108,0
DA:109,2
DA:110,2
DA:111,1
DA:112,1
DA:113,1
DA:114,1
DA:115,1
DA:116,1
DA:117,1
DA:118,1
DA:119,2
DA:120,2
DA:121,2
LF:121
LH:119
BRDA:1,0,0,2
BRDA:10,1,0,2
BRDA:22,2,0,11
BRDA:72,3,0,27
BRDA:78,4,0,20
BRDA:85,5,0,10
BRDA:87,6,0,19
BRDA:34,7,0,3
BRDA:38,8,0,2
BRDA:36,9,0,5
BRDA:40,10,0,3
BRDA:48,11,0,3
BRDA:52,12,0,4
BRDA:57,13,0,3
BRDA:58,14,0,2
BRDA:61,15,0,2
BRDA:63,16,0,3
BRDA:68,17,0,2
BRDA:86,18,0,10
BRDA:110,19,0,2
BRF:20
BRH:20
end_of_record
TN:
SF:src/_components/list-app/list-app.css.js
FNF:0
FNH:0
DA:1,2
DA:2,2
DA:3,2
DA:4,2
DA:5,2
DA:6,2
DA:7,2
DA:8,2
DA:9,2
DA:10,2
DA:11,2
DA:12,2
DA:13,2
DA:14,2
DA:15,2
DA:16,2
DA:17,2
DA:18,2
DA:19,2
DA:20,2
DA:21,2
DA:22,2
DA:23,2
DA:24,2
DA:25,2
DA:26,2
DA:27,2
DA:28,2
DA:29,2
DA:30,2
DA:31,2
DA:32,2
DA:33,2
DA:34,2
DA:35,2
LF:35
LH:35
BRDA:1,0,0,2
BRF:1
BRH:1
end_of_record
TN:
SF:src/_components/list-app/list-app.js
FN:9,<static_initializer>
FN:21,ListApp
FN:33,toggleSelectAll
FN:56,toggleRowSelect
FN:67,onPageChange
FN:71,getCurrentPageRows
FN:77,render
FN:158,editRow
FN:162,deleteRow
FNF:9
FNH:8
FNDA:2,<static_initializer>
FNDA:16,ListApp
FNDA:2,toggleSelectAll
FNDA:2,toggleRowSelect
FNDA:1,onPageChange
FNDA:36,getCurrentPageRows
FNDA:29,render
FNDA:0,editRow
FNDA:1,deleteRow
DA:1,2
DA:2,2
DA:3,2
DA:4,2
DA:5,2
DA:6,2
DA:7,2
DA:8,2
DA:9,2
DA:10,2
DA:11,2
DA:12,2
DA:13,2
DA:14,2
DA:15,2
DA:16,2
DA:17,2
DA:18,2
DA:19,2
DA:20,2
DA:21,2
DA:22,16
DA:23,16
DA:24,16
DA:25,16
DA:26,16
DA:27,16
DA:28,16
DA:29,16
DA:30,16
DA:31,16
DA:32,2
DA:33,2
DA:34,2
DA:35,2
DA:36,2
DA:37,2
DA:38,2
DA:39,2
DA:40,4
DA:41,4
DA:42,4
DA:43,2
DA:44,2
DA:45,2
DA:46,0
DA:47,0
DA:48,0
DA:49,0
DA:50,2
DA:51,2
DA:52,4
DA:53,2
DA:54,2
DA:55,2
DA:56,2
DA:57,2
DA:58,1
DA:59,1
DA:60,1
DA:61,1
DA:62,2
DA:63,2
DA:64,2
DA:65,2
DA:66,2
DA:67,2
DA:68,1
DA:69,1
DA:70,2
DA:71,2
DA:72,36
DA:73,36
DA:74,36
DA:75,36
DA:76,2
DA:77,2
DA:78,29
DA:79,29
DA:80,29
DA:81,29
DA:82,29
DA:83,29
DA:84,29
DA:85,29
DA:86,29
DA:87,29
DA:88,29
DA:89,29
DA:90,29
DA:91,29
DA:92,29
DA:93,29
DA:94,29
DA:95,29
DA:96,29
DA:97,29
DA:98,29
DA:99,47
DA:100,47
DA:101,47
DA:102,47
DA:103,47
DA:104,47
DA:105,47
DA:106,47
DA:107,47
DA:108,47
DA:109,47
DA:110,47
DA:111,47
DA:112,47
DA:113,47
DA:114,47
DA:115,47
DA:116,47
DA:117,47
DA:118,47
DA:119,47
DA:120,47
DA:121,47
DA:122,47
DA:123,47
DA:124,47
DA:125,47
DA:126,47
DA:127,47
DA:128,47
DA:129,47
DA:130,47
DA:131,47
DA:132,47
DA:133,47
DA:134,47
DA:135,47
DA:136,47
DA:137,47
DA:138,47
DA:139,47
DA:140,47
DA:141,47
DA:142,47
DA:143,29
DA:144,29
DA:145,29
DA:146,29
DA:147,29
DA:148,29
DA:149,29
DA:150,29
DA:151,29
DA:152,29
DA:153,29
DA:154,29
DA:155,29
DA:156,29
DA:157,2
DA:158,2
DA:159,0
DA:160,0
DA:161,2
DA:162,2
DA:163,1
DA:164,1
DA:165,1
DA:166,1
DA:167,1
DA:168,1
DA:169,1
DA:170,1
DA:171,2
DA:172,2
DA:173,2
LF:173
LH:167
BRDA:1,0,0,2
BRDA:9,1,0,2
BRDA:21,2,0,16
BRDA:71,3,0,36
BRDA:77,4,0,29
BRDA:92,5,0,47
BRDA:98,6,0,47
BRDA:33,7,0,3
BRDA:45,8,0,1
BRDA:35,9,0,5
BRDA:39,10,0,5
BRDA:51,11,0,5
BRDA:56,12,0,3
BRDA:57,13,0,2
BRDA:60,14,0,2
BRDA:62,15,0,3
BRDA:67,16,0,2
BRDA:162,17,0,2
BRF:18
BRH:18
end_of_record
TN:
SF:src/_mixins/StoreMixin.js
FN:3,StoreMixin
FN:10,connectedCallback
FN:15,disconnectedCallback
FN:23,_subscribeToStore
FN:31,_onStoreUpdate
FN:37,addEmployee
FN:43,updateEmployee
FN:49,deleteEmployee
FN:55,getEmployees
FN:62,getEmployeeById
FN:69,searchEmployees
FNF:11
FNH:7
FNDA:9,StoreMixin
FNDA:11,connectedCallback
FNDA:11,disconnectedCallback
FNDA:11,_subscribeToStore
FNDA:2,_onStoreUpdate
FNDA:2,addEmployee
FNDA:0,updateEmployee
FNDA:0,deleteEmployee
FNDA:7,getEmployees
FNDA:0,getEmployeeById
FNDA:0,searchEmployees
DA:1,3
DA:2,3
DA:3,3
DA:4,9
DA:5,9
DA:6,19
DA:7,19
DA:8,19
DA:9,9
DA:10,9
DA:11,11
DA:12,11
DA:13,11
DA:14,9
DA:15,9
DA:16,11
DA:17,11
DA:18,11
DA:19,11
DA:20,11
DA:21,11
DA:22,9
DA:23,9
DA:24,11
DA:25,11
DA:26,1
DA:27,11
DA:28,11
DA:29,11
DA:30,9
DA:31,9
DA:32,2
DA:33,2
DA:34,2
DA:35,9
DA:36,9
DA:37,9
DA:38,2
DA:39,2
DA:40,2
DA:41,2
DA:42,9
DA:43,9
DA:44,0
DA:45,0
DA:46,0
DA:47,0
DA:48,9
DA:49,9
DA:50,0
DA:51,0
DA:52,0
DA:53,0
DA:54,9
DA:55,9
DA:56,7
DA:57,6
DA:58,6
DA:59,1
DA:60,7
DA:61,9
DA:62,9
DA:63,0
DA:64,0
DA:65,0
DA:66,0
DA:67,0
DA:68,9
DA:69,9
DA:70,0
DA:71,0
DA:72,0
DA:73,0
DA:74,0
DA:75,3
LF:75
LH:57
BRDA:1,0,0,3
BRDA:3,1,0,9
BRDA:5,2,0,19
BRDA:10,3,0,11
BRDA:15,4,0,11
BRDA:23,5,0,11
BRDA:31,6,0,3
BRDA:37,7,0,3
BRDA:55,8,0,8
BRDA:56,9,0,7
BRDA:56,10,0,7
BRDA:25,11,0,7
BRDA:59,12,0,2
BRF:13
BRH:13
end_of_record
TN:
SF:src/_shared/confirm-dialog/confirm-dialog.css.js
FNF:0
FNH:0
DA:1,2
DA:2,2
DA:3,2
DA:4,2
DA:5,2
DA:6,2
DA:7,2
DA:8,2
DA:9,2
DA:10,2
DA:11,2
DA:12,2
DA:13,2
DA:14,2
DA:15,2
DA:16,2
DA:17,2
DA:18,2
DA:19,2
DA:20,2
DA:21,2
DA:22,2
DA:23,2
DA:24,2
DA:25,2
DA:26,2
DA:27,2
DA:28,2
DA:29,2
DA:30,2
DA:31,2
DA:32,2
DA:33,2
DA:34,2
DA:35,2
DA:36,2
DA:37,2
DA:38,2
DA:39,2
DA:40,2
DA:41,2
DA:42,2
DA:43,2
DA:44,2
DA:45,2
DA:46,2
DA:47,2
DA:48,2
DA:49,2
DA:50,2
DA:51,2
DA:52,2
DA:53,2
DA:54,2
DA:55,2
DA:56,2
DA:57,2
DA:58,2
DA:59,2
DA:60,2
DA:61,2
DA:62,2
DA:63,2
DA:64,2
DA:65,2
DA:66,2
DA:67,2
DA:68,2
DA:69,2
DA:70,2
DA:71,2
DA:72,2
DA:73,2
DA:74,2
DA:75,2
DA:76,2
DA:77,2
DA:78,2
DA:79,2
DA:80,2
DA:81,2
DA:82,2
DA:83,2
DA:84,2
DA:85,2
DA:86,2
DA:87,2
DA:88,2
DA:89,2
DA:90,2
DA:91,2
DA:92,2
DA:93,2
DA:94,2
DA:95,2
DA:96,2
DA:97,2
DA:98,2
DA:99,2
DA:100,2
DA:101,2
LF:101
LH:101
BRDA:1,0,0,2
BRF:1
BRH:1
end_of_record
TN:
SF:src/_shared/confirm-dialog/confirm-dialog.js
FN:6,<static_initializer>
FN:12,ConfirmDialog
FN:18,_onProceed
FN:28,_onCancel
FN:34,render
FNF:5
FNH:5
FNDA:2,<static_initializer>
FNDA:12,ConfirmDialog
FNDA:1,_onProceed
FNDA:1,_onCancel
FNDA:14,render
DA:1,2
DA:2,2
DA:3,2
DA:4,2
DA:5,2
DA:6,2
DA:7,2
DA:8,2
DA:9,2
DA:10,2
DA:11,2
DA:12,2
DA:13,12
DA:14,12
DA:15,12
DA:16,12
DA:17,2
DA:18,2
DA:19,1
DA:20,1
DA:21,1
DA:22,1
DA:23,1
DA:24,1
DA:25,1
DA:26,1
DA:27,2
DA:28,2
DA:29,1
DA:30,1
DA:31,1
DA:32,1
DA:33,2
DA:34,2
DA:35,14
DA:36,3
DA:37,8
DA:38,14
DA:39,14
DA:40,14
DA:41,14
DA:42,14
DA:43,14
DA:44,14
DA:45,14
DA:46,14
DA:47,14
DA:48,14
DA:49,14
DA:50,14
DA:51,14
DA:52,14
DA:53,14
DA:54,14
DA:55,14
DA:56,14
DA:57,14
DA:58,14
DA:59,14
DA:60,14
DA:61,14
DA:62,14
DA:63,14
DA:64,2
DA:65,2
DA:66,2
LF:66
LH:66
BRDA:1,0,0,2
BRDA:6,1,0,2
BRDA:12,2,0,12
BRDA:18,3,0,2
BRDA:28,4,0,2
BRDA:34,5,0,14
BRDA:35,6,0,11
BRDA:36,7,0,3
BRDA:37,8,0,2
BRDA:38,9,0,1
BRDA:41,10,0,8
BRDA:36,11,0,8
BRF:12
BRH:12
end_of_record
TN:
SF:src/_shared/employee-card/employee-card.css.js
FNF:0
FNH:0
DA:1,3
DA:2,3
DA:3,3
DA:4,3
DA:5,3
DA:6,3
DA:7,3
DA:8,3
DA:9,3
DA:10,3
DA:11,3
DA:12,3
DA:13,3
DA:14,3
DA:15,3
DA:16,3
DA:17,3
DA:18,3
DA:19,3
DA:20,3
DA:21,3
DA:22,3
DA:23,3
DA:24,3
DA:25,3
DA:26,3
DA:27,3
DA:28,3
DA:29,3
DA:30,3
DA:31,3
DA:32,3
DA:33,3
DA:34,3
DA:35,3
DA:36,3
DA:37,3
DA:38,3
DA:39,3
DA:40,3
DA:41,3
DA:42,3
DA:43,3
DA:44,3
DA:45,3
DA:46,3
DA:47,3
DA:48,3
DA:49,3
DA:50,3
DA:51,3
DA:52,3
DA:53,3
DA:54,3
DA:55,3
DA:56,3
DA:57,3
DA:58,3
DA:59,3
DA:60,3
DA:61,3
DA:62,3
LF:62
LH:62
BRDA:1,0,0,3
BRF:1
BRH:1
end_of_record
TN:
SF:src/_shared/employee-card/employee-card.js
FN:7,<static_initializer>
FN:13,EmployeeCard
FN:18,render
FNF:3
FNH:3
FNDA:3,<static_initializer>
FNDA:21,EmployeeCard
FNDA:24,render
DA:1,3
DA:2,3
DA:3,3
DA:4,3
DA:5,3
DA:6,3
DA:7,3
DA:8,3
DA:9,3
DA:10,3
DA:11,3
DA:12,3
DA:13,3
DA:14,21
DA:15,21
DA:16,21
DA:17,3
DA:18,3
DA:19,24
DA:20,24
DA:21,24
DA:22,24
DA:23,24
DA:24,24
DA:25,24
DA:26,24
DA:27,24
DA:28,24
DA:29,24
DA:30,24
DA:31,24
DA:32,24
DA:33,24
DA:34,24
DA:35,24
DA:36,24
DA:37,24
DA:38,24
DA:39,24
DA:40,24
DA:41,24
DA:42,24
DA:43,24
DA:44,24
DA:45,24
DA:46,24
DA:47,24
DA:48,24
DA:49,24
DA:50,24
DA:51,24
DA:52,24
DA:53,24
DA:54,24
DA:55,24
DA:56,24
DA:57,24
DA:58,24
DA:59,24
DA:60,24
DA:61,24
DA:62,24
DA:63,24
DA:64,24
DA:65,24
DA:66,24
DA:67,24
DA:68,24
DA:69,24
DA:70,24
DA:71,24
DA:72,24
DA:73,24
DA:74,24
DA:75,24
DA:76,24
DA:77,24
DA:78,24
DA:79,24
DA:80,24
DA:81,24
DA:82,24
DA:83,24
DA:84,24
DA:85,24
DA:86,24
DA:87,24
DA:88,3
DA:89,3
DA:90,3
LF:90
LH:90
BRDA:1,0,0,3
BRDA:7,1,0,3
BRDA:13,2,0,21
BRDA:18,3,0,24
BRDA:59,4,0,17
BRDA:72,5,0,17
BRF:6
BRH:6
end_of_record
TN:
SF:src/_shared/main-navbar/main-navbar.css.js
FNF:0
FNH:0
DA:1,1
DA:2,1
DA:3,1
DA:4,1
DA:5,1
DA:6,1
DA:7,1
DA:8,1
DA:9,1
DA:10,1
DA:11,1
DA:12,1
DA:13,1
DA:14,1
DA:15,1
DA:16,1
DA:17,1
DA:18,1
DA:19,1
DA:20,1
DA:21,1
DA:22,1
DA:23,1
DA:24,1
DA:25,1
DA:26,1
DA:27,1
DA:28,1
DA:29,1
DA:30,1
DA:31,1
DA:32,1
DA:33,1
DA:34,1
DA:35,1
DA:36,1
DA:37,1
DA:38,1
DA:39,1
DA:40,1
DA:41,1
DA:42,1
DA:43,1
DA:44,1
DA:45,1
DA:46,1
DA:47,1
DA:48,1
DA:49,1
DA:50,1
DA:51,1
DA:52,1
DA:53,1
DA:54,1
DA:55,1
DA:56,1
DA:57,1
DA:58,1
DA:59,1
DA:60,1
DA:61,1
DA:62,1
DA:63,1
DA:64,1
DA:65,1
DA:66,1
DA:67,1
DA:68,1
DA:69,1
DA:70,1
DA:71,1
DA:72,1
DA:73,1
DA:74,1
DA:75,1
DA:76,1
DA:77,1
DA:78,1
DA:79,1
DA:80,1
DA:81,1
DA:82,1
DA:83,1
DA:84,1
DA:85,1
DA:86,1
DA:87,1
DA:88,1
DA:89,1
DA:90,1
DA:91,1
DA:92,1
DA:93,1
DA:94,1
DA:95,1
DA:96,1
DA:97,1
DA:98,1
DA:99,1
DA:100,1
DA:101,1
DA:102,1
DA:103,1
DA:104,1
DA:105,1
DA:106,1
DA:107,1
DA:108,1
DA:109,1
DA:110,1
DA:111,1
DA:112,1
DA:113,1
DA:114,1
DA:115,1
DA:116,1
DA:117,1
DA:118,1
DA:119,1
DA:120,1
DA:121,1
DA:122,1
DA:123,1
LF:123
LH:123
BRDA:1,0,0,1
BRF:1
BRH:1
end_of_record
TN:
SF:src/_shared/main-navbar/main-navbar.js
FN:12,<static_initializer>
FN:19,MainNavbar
FN:26,selectLang
FN:33,render
FNF:4
FNH:4
FNDA:1,<static_initializer>
FNDA:9,MainNavbar
FNDA:2,selectLang
FNDA:14,render
DA:1,1
DA:2,1
DA:3,1
DA:4,1
DA:5,1
DA:6,1
DA:7,1
DA:8,1
DA:9,1
DA:10,1
DA:11,1
DA:12,1
DA:13,1
DA:14,1
DA:15,1
DA:16,1
DA:17,1
DA:18,1
DA:19,1
DA:20,9
DA:21,9
DA:22,9
DA:23,9
DA:24,9
DA:25,1
DA:26,1
DA:27,2
DA:28,2
DA:29,2
DA:30,2
DA:31,2
DA:32,1
DA:33,1
DA:34,14
DA:35,14
DA:36,14
DA:37,14
DA:38,14
DA:39,14
DA:40,14
DA:41,14
DA:42,14
DA:43,14
DA:44,14
DA:45,14
DA:46,14
DA:47,14
DA:48,14
DA:49,14
DA:50,14
DA:51,14
DA:52,14
DA:53,14
DA:54,14
DA:55,14
DA:56,14
DA:57,14
DA:58,14
DA:59,14
DA:60,3
DA:61,3
DA:62,3
DA:63,6
DA:64,6
DA:65,6
DA:66,6
DA:67,6
DA:68,6
DA:69,6
DA:70,6
DA:71,6
DA:72,6
DA:73,3
DA:74,3
DA:75,3
DA:76,14
DA:77,14
DA:78,14
DA:79,14
DA:80,14
DA:81,14
DA:82,1
DA:83,1
DA:84,1
LF:84
LH:84
BRDA:1,0,0,1
BRDA:12,1,0,1
BRDA:19,2,0,9
BRDA:21,3,0,7
BRDA:23,4,0,16
BRDA:26,5,0,2
BRDA:28,6,0,2
BRDA:33,7,0,14
BRDA:59,8,0,3
BRDA:76,9,0,11
BRDA:54,10,0,2
BRDA:62,11,0,6
BRDA:65,12,0,3
BRDA:66,13,0,3
BRDA:67,14,0,1
BRF:15
BRH:15
end_of_record
TN:
SF:src/_shared/simple-pagination/simple-pagination.css.js
FNF:0
FNH:0
DA:1,4
DA:2,4
DA:3,4
DA:4,4
DA:5,4
DA:6,4
DA:7,4
DA:8,4
DA:9,4
DA:10,4
DA:11,4
DA:12,4
DA:13,4
DA:14,4
DA:15,4
DA:16,4
DA:17,4
DA:18,4
DA:19,4
DA:20,4
DA:21,4
DA:22,4
DA:23,4
DA:24,4
DA:25,4
DA:26,4
DA:27,4
DA:28,4
DA:29,4
DA:30,4
DA:31,4
DA:32,4
DA:33,4
DA:34,4
DA:35,4
DA:36,4
DA:37,4
DA:38,4
DA:39,4
LF:39
LH:39
BRDA:1,0,0,4
BRF:1
BRH:1
end_of_record
TN:
SF:src/_shared/simple-pagination/simple-pagination.js
FN:5,<static_initializer>
FN:12,SimplePagination
FN:18,setPage
FN:31,getPageList
FN:85,render
FNF:5
FNH:5
FNDA:4,<static_initializer>
FNDA:32,SimplePagination
FNDA:1,setPage
FNDA:53,getPageList
FNDA:52,render
DA:1,4
DA:2,4
DA:3,4
DA:4,4
DA:5,4
DA:6,4
DA:7,4
DA:8,4
DA:9,4
DA:10,4
DA:11,4
DA:12,4
DA:13,32
DA:14,32
DA:15,32
DA:16,32
DA:17,4
DA:18,4
DA:19,1
DA:20,1
DA:21,1
DA:22,1
DA:23,1
DA:24,1
DA:25,1
DA:26,1
DA:27,1
DA:28,1
DA:29,1
DA:30,4
DA:31,4
DA:32,53
DA:33,53
DA:34,47
DA:35,47
DA:36,54
DA:37,54
DA:38,47
DA:39,47
DA:40,53
DA:41,53
DA:42,53
DA:43,53
DA:44,53
DA:45,6
DA:46,6
DA:47,30
DA:48,30
DA:49,6
DA:50,6
DA:51,6
DA:52,6
DA:53,6
DA:54,6
DA:55,0
DA:56,0
DA:57,0
DA:58,0
DA:59,0
DA:60,0
DA:61,0
DA:62,0
DA:63,0
DA:64,0
DA:65,0
DA:66,0
DA:67,0
DA:68,0
DA:69,0
DA:70,0
DA:71,0
DA:72,0
DA:73,0
DA:74,0
DA:75,0
DA:76,0
DA:77,0
DA:78,0
DA:79,0
DA:80,0
DA:81,0
DA:82,0
DA:83,53
DA:84,4
DA:85,4
DA:86,52
DA:87,52
DA:88,52
DA:89,52
DA:90,52
DA:91,52
DA:92,52
DA:93,52
DA:94,52
DA:95,52
DA:96,93
DA:97,93
DA:98,93
DA:99,87
DA:100,87
DA:101,87
DA:102,87
DA:103,87
DA:104,87
DA:105,87
DA:106,87
DA:107,52
DA:108,52
DA:109,52
DA:110,52
DA:111,52
DA:112,52
DA:113,52
DA:114,52
DA:115,52
DA:116,52
DA:117,4
DA:118,4
DA:119,4
LF:119
LH:91
BRDA:1,0,0,4
BRDA:5,1,0,4
BRDA:12,2,0,32
BRDA:31,3,0,53
BRDA:32,4,0,0
BRDA:33,5,0,47
BRDA:40,6,0,6
BRDA:40,7,0,0
BRDA:44,8,0,6
BRDA:46,9,0,30
BRDA:55,10,0,0
BRDA:85,11,0,52
BRDA:95,12,0,93
BRDA:97,13,0,6
BRDA:98,14,0,87
BRDA:100,15,0,33
BRDA:100,16,0,54
BRDA:35,17,0,54
BRDA:44,18,0,8
BRDA:18,19,0,4
BRDA:20,20,0,3
BRDA:109,21,0,43
BRF:22
BRH:19
end_of_record
TN:
SF:src/screens/employee-form/employee-form.css.js
FNF:0
FNH:0
DA:1,1
DA:2,1
DA:3,1
DA:4,1
DA:5,1
DA:6,1
DA:7,1
DA:8,1
DA:9,1
DA:10,1
DA:11,1
DA:12,1
DA:13,1
DA:14,1
DA:15,1
DA:16,1
DA:17,1
DA:18,1
DA:19,1
DA:20,1
DA:21,1
DA:22,1
DA:23,1
DA:24,1
DA:25,1
DA:26,1
DA:27,1
DA:28,1
DA:29,1
DA:30,1
DA:31,1
DA:32,1
DA:33,1
DA:34,1
DA:35,1
DA:36,1
DA:37,1
DA:38,1
DA:39,1
DA:40,1
DA:41,1
DA:42,1
DA:43,1
DA:44,1
DA:45,1
DA:46,1
DA:47,1
DA:48,1
DA:49,1
DA:50,1
DA:51,1
DA:52,1
DA:53,1
DA:54,1
DA:55,1
DA:56,1
DA:57,1
DA:58,1
DA:59,1
DA:60,1
DA:61,1
DA:62,1
DA:63,1
DA:64,1
DA:65,1
DA:66,1
DA:67,1
DA:68,1
DA:69,1
DA:70,1
DA:71,1
DA:72,1
DA:73,1
DA:74,1
DA:75,1
DA:76,1
DA:77,1
DA:78,1
DA:79,1
DA:80,1
DA:81,1
DA:82,1
DA:83,1
DA:84,1
DA:85,1
DA:86,1
DA:87,1
DA:88,1
DA:89,1
DA:90,1
DA:91,1
DA:92,1
DA:93,1
DA:94,1
DA:95,1
DA:96,1
DA:97,1
DA:98,1
DA:99,1
DA:100,1
DA:101,1
DA:102,1
DA:103,1
DA:104,1
DA:105,1
DA:106,1
DA:107,1
DA:108,1
DA:109,1
DA:110,1
DA:111,1
DA:112,1
DA:113,1
DA:114,1
DA:115,1
DA:116,1
DA:117,1
DA:118,1
DA:119,1
DA:120,1
DA:121,1
DA:122,1
DA:123,1
DA:124,1
DA:125,1
DA:126,1
DA:127,1
DA:128,1
DA:129,1
DA:130,1
DA:131,1
DA:132,1
DA:133,1
DA:134,1
DA:135,1
DA:136,1
DA:137,1
DA:138,1
DA:139,1
DA:140,1
LF:140
LH:140
BRDA:1,0,0,1
BRF:1
BRH:1
end_of_record
TN:
SF:src/screens/employee-form/employee-form.js
FN:16,<static_initializer>
FN:23,EmployeeForm
FN:39,onBeforeEnter
FN:62,handleInput
FN:67,handleSubmit
FN:92,handleCancel
FN:100,isFormValid
FN:120,render
FNF:8
FNH:6
FNDA:1,<static_initializer>
FNDA:6,EmployeeForm
FNDA:0,onBeforeEnter
FNDA:1,handleInput
FNDA:1,handleSubmit
FNDA:0,handleCancel
FNDA:25,isFormValid
FNDA:11,render
DA:1,1
DA:2,1
DA:3,1
DA:4,1
DA:5,1
DA:6,1
DA:7,1
DA:8,1
DA:9,1
DA:10,1
DA:11,1
DA:12,1
DA:13,1
DA:14,1
DA:15,1
DA:16,1
DA:17,1
DA:18,1
DA:19,1
DA:20,1
DA:21,1
DA:22,1
DA:23,1
DA:24,6
DA:25,6
DA:26,6
DA:27,6
DA:28,6
DA:29,6
DA:30,6
DA:31,6
DA:32,6
DA:33,6
DA:34,6
DA:35,6
DA:36,6
DA:37,6
DA:38,1
DA:39,1
DA:40,0
DA:41,0
DA:42,0
DA:43,0
DA:44,0
DA:45,0
DA:46,0
DA:47,0
DA:48,0
DA:49,0
DA:50,0
DA:51,0
DA:52,0
DA:53,0
DA:54,0
DA:55,0
DA:56,0
DA:57,0
DA:58,0
DA:59,0
DA:60,0
DA:61,1
DA:62,1
DA:63,1
DA:64,1
DA:65,1
DA:66,1
DA:67,1
DA:68,1
DA:69,1
DA:70,0
DA:71,0
DA:72,0
DA:73,1
DA:74,1
DA:75,1
DA:76,0
DA:77,1
DA:78,1
DA:79,1
DA:80,1
DA:81,1
DA:82,1
DA:83,1
DA:84,1
DA:85,1
DA:86,1
DA:87,1
DA:88,1
DA:89,1
DA:90,1
DA:91,1
DA:92,1
DA:93,0
DA:94,0
DA:95,0
DA:96,0
DA:97,0
DA:98,0
DA:99,1
DA:100,1
DA:101,25
DA:102,25
DA:103,83
DA:104,83
DA:105,83
DA:106,25
DA:107,25
DA:108,25
DA:109,25
DA:110,25
DA:111,25
DA:112,25
DA:113,25
DA:114,25
DA:115,25
DA:116,25
DA:117,25
DA:118,25
DA:119,1
DA:120,1
DA:121,11
DA:122,11
DA:123,11
DA:124,11
DA:125,11
DA:126,11
DA:127,11
DA:128,11
DA:129,11
DA:130,11
DA:131,11
DA:132,11
DA:133,11
DA:134,11
DA:135,11
DA:136,11
DA:137,11
DA:138,11
DA:139,11
DA:140,11
DA:141,11
DA:142,11
DA:143,11
DA:144,11
DA:145,11
DA:146,11
DA:147,11
DA:148,11
DA:149,11
DA:150,11
DA:151,11
DA:152,11
DA:153,2
DA:154,2
DA:155,2
DA:156,11
DA:157,11
DA:158,11
DA:159,11
DA:160,11
DA:161,11
DA:162,11
DA:163,11
DA:164,11
DA:165,2
DA:166,2
DA:167,2
DA:168,11
DA:169,11
DA:170,11
DA:171,11
DA:172,11
DA:173,11
DA:174,11
DA:175,11
DA:176,11
DA:177,11
DA:178,11
DA:179,11
DA:180,11
DA:181,11
DA:182,11
DA:183,4
DA:184,4
DA:185,11
DA:186,11
DA:187,11
DA:188,11
DA:189,11
DA:190,11
DA:191,11
DA:192,11
DA:193,11
DA:194,11
DA:195,11
DA:196,11
DA:197,11
DA:198,11
DA:199,11
DA:200,11
DA:201,11
DA:202,11
DA:203,11
DA:204,11
DA:205,11
DA:206,11
DA:207,11
DA:208,11
DA:209,11
DA:210,11
DA:211,11
DA:212,11
DA:213,11
DA:214,11
DA:215,11
DA:216,11
DA:217,11
DA:218,11
DA:219,11
DA:220,11
DA:221,11
DA:222,11
DA:223,11
DA:224,11
DA:225,11
DA:226,11
DA:227,11
DA:228,11
DA:229,11
DA:230,11
DA:231,11
DA:232,11
DA:233,11
DA:234,11
DA:235,11
DA:236,11
DA:237,11
DA:238,11
DA:239,11
DA:240,11
DA:241,11
DA:242,11
DA:243,11
DA:244,11
DA:245,11
DA:246,11
DA:247,11
DA:248,1
DA:249,1
DA:250,1
LF:250
LH:219
BRDA:1,0,0,1
BRDA:16,1,0,1
BRDA:23,2,0,6
BRDA:62,3,0,1
BRDA:67,4,0,1
BRDA:69,5,0,0
BRDA:75,6,0,0
BRDA:100,7,0,25
BRDA:110,8,0,11
BRDA:114,9,0,11
BRDA:117,10,0,8
BRDA:117,11,0,8
BRDA:102,12,0,83
BRDA:105,13,0,0
BRDA:120,14,0,11
BRDA:126,15,0,1
BRDA:126,16,0,10
BRDA:181,17,0,4
BRDA:182,18,0,4
BRDA:232,19,0,3
BRDA:232,20,0,8
BRDA:152,21,0,2
BRDA:164,22,0,2
BRDA:176,23,0,7
BRF:24
BRH:21
end_of_record
TN:
SF:src/screens/employee-list/employee-list.css.js
FNF:0
FNH:0
DA:1,1
DA:2,1
DA:3,1
DA:4,1
DA:5,1
DA:6,1
DA:7,1
DA:8,1
DA:9,1
DA:10,1
DA:11,1
DA:12,1
DA:13,1
DA:14,1
DA:15,1
DA:16,1
DA:17,1
DA:18,1
DA:19,1
DA:20,1
DA:21,1
DA:22,1
DA:23,1
DA:24,1
DA:25,1
DA:26,1
DA:27,1
DA:28,1
DA:29,1
LF:29
LH:29
BRDA:1,0,0,1
BRF:1
BRH:1
end_of_record
TN:
SF:src/screens/employee-list/employee-list.js
FN:14,<static_initializer>
FN:22,EmployeeList
FN:31,connectedCallback
FN:36,_onStoreUpdate
FN:41,_onDeleteRequest
FN:46,_onDialogConfirm
FN:53,_onDialogCancel
FN:58,render
FNF:8
FNH:4
FNDA:1,<static_initializer>
FNDA:6,EmployeeList
FNDA:5,connectedCallback
FNDA:0,_onStoreUpdate
FNDA:0,_onDeleteRequest
FNDA:0,_onDialogConfirm
FNDA:0,_onDialogCancel
FNDA:9,render
DA:1,1
DA:2,1
DA:3,1
DA:4,1
DA:5,1
DA:6,1
DA:7,1
DA:8,1
DA:9,1
DA:10,1
DA:11,1
DA:12,1
DA:13,1
DA:14,1
DA:15,1
DA:16,1
DA:17,1
DA:18,1
DA:19,1
DA:20,1
DA:21,1
DA:22,1
DA:23,6
DA:24,6
DA:25,6
DA:26,6
DA:27,6
DA:28,6
DA:29,6
DA:30,1
DA:31,1
DA:32,5
DA:33,5
DA:34,5
DA:35,1
DA:36,1
DA:37,0
DA:38,0
DA:39,0
DA:40,1
DA:41,1
DA:42,0
DA:43,0
DA:44,0
DA:45,1
DA:46,1
DA:47,0
DA:48,0
DA:49,0
DA:50,0
DA:51,0
DA:52,1
DA:53,1
DA:54,0
DA:55,0
DA:56,0
DA:57,1
DA:58,1
DA:59,9
DA:60,1
DA:61,1
DA:62,1
DA:63,1
DA:64,1
DA:65,1
DA:66,1
DA:67,1
DA:68,1
DA:69,1
DA:70,1
DA:71,1
DA:72,1
DA:73,1
DA:74,1
DA:75,1
DA:76,1
DA:77,8
DA:78,8
DA:79,8
DA:80,8
DA:81,8
DA:82,8
DA:83,8
DA:84,8
DA:85,8
DA:86,8
DA:87,8
DA:88,8
DA:89,8
DA:90,8
DA:91,8
DA:92,8
DA:93,8
DA:94,8
DA:95,8
DA:96,8
DA:97,8
DA:98,8
DA:99,8
DA:100,8
DA:101,8
DA:102,9
DA:103,7
DA:104,7
DA:105,7
DA:106,7
DA:107,9
DA:108,1
DA:109,1
DA:110,1
DA:111,9
DA:112,9
DA:113,9
DA:114,9
DA:115,9
DA:116,9
DA:117,9
DA:118,9
DA:119,9
DA:120,9
DA:121,1
DA:122,1
DA:123,1
LF:123
LH:109
BRDA:1,0,0,1
BRDA:14,1,0,1
BRDA:22,2,0,6
BRDA:31,3,0,5
BRDA:58,4,0,9
BRDA:59,5,0,1
BRDA:77,6,0,8
BRDA:102,7,0,7
BRDA:107,8,0,1
BRDA:97,9,0,1
BRF:10
BRH:10
end_of_record
TN:
SF:src/stores/employeeStore.js
FN:8,get
FN:13,getById
FN:18,subscribe
FN:31,notify
FN:36,set
FN:42,add
FN:52,update
FN:61,delete
FN:66,generateId
FN:75,search
FN:91,filterByDepartment
FN:97,filterByPosition
FNF:12
FNH:10
FNDA:6,get
FNDA:4,getById
FNDA:11,subscribe
FNDA:5,notify
FNDA:5,set
FNDA:2,add
FNDA:1,update
FNDA:1,delete
FNDA:4,generateId
FNDA:3,search
FNDA:0,filterByDepartment
FNDA:0,filterByPosition
DA:1,3
DA:2,3
DA:3,3
DA:4,3
DA:5,3
DA:6,3
DA:7,3
DA:8,3
DA:9,6
DA:10,3
DA:11,3
DA:12,3
DA:13,3
DA:14,4
DA:15,3
DA:16,3
DA:17,3
DA:18,3
DA:19,11
DA:20,11
DA:21,11
DA:22,11
DA:23,11
DA:24,11
DA:25,11
DA:26,11
DA:27,11
DA:28,3
DA:29,3
DA:30,3
DA:31,3
DA:32,5
DA:33,3
DA:34,3
DA:35,3
DA:36,3
DA:37,5
DA:38,5
DA:39,3
DA:40,3
DA:41,3
DA:42,3
DA:43,2
DA:44,2
DA:45,2
DA:46,2
DA:47,2
DA:48,2
DA:49,3
DA:50,3
DA:51,3
DA:52,3
DA:53,1
DA:54,2
DA:55,1
DA:56,1
DA:57,1
DA:58,3
DA:59,3
DA:60,3
DA:61,3
DA:62,1
DA:63,3
DA:64,3
DA:65,3
DA:66,3
DA:67,4
DA:68,1
DA:69,1
DA:70,3
DA:71,3
DA:72,3
DA:73,3
DA:74,3
DA:75,3
DA:76,3
DA:77,2
DA:78,2
DA:79,2
DA:80,2
DA:81,4
DA:82,4
DA:83,4
DA:84,4
DA:85,4
DA:86,2
DA:87,2
DA:88,3
DA:89,3
DA:90,3
DA:91,3
DA:92,0
DA:93,0
DA:94,3
DA:95,3
DA:96,3
DA:97,3
DA:98,0
DA:99,0
DA:100,3
DA:101,3
LF:101
LH:97
BRDA:1,0,0,3
BRDA:18,1,0,11
BRDA:22,2,0,11
BRDA:31,3,0,6
BRDA:32,4,0,3
BRDA:36,5,0,6
BRDA:42,6,0,3
BRDA:66,7,0,5
BRDA:67,8,0,2
BRDA:70,9,0,64
BRDA:8,10,0,7
BRDA:13,11,0,6
BRDA:14,12,0,7
BRDA:52,13,0,3
BRDA:53,14,0,4
BRDA:54,15,0,3
BRDA:54,16,0,3
BRDA:61,17,0,3
BRDA:62,18,0,4
BRDA:70,19,0,4
BRDA:75,20,0,5
BRDA:76,21,0,3
BRDA:77,22,0,4
BRDA:80,23,0,6
BRDA:81,24,0,5
BRDA:82,25,0,5
BRDA:83,26,0,4
BRDA:84,27,0,4
BRDA:85,28,0,4
BRF:29
BRH:29
end_of_record
TN:
SF:src/stores/mockDataEmployee.js
FNF:0
FNH:0
DA:1,3
DA:2,3
DA:3,3
DA:4,3
DA:5,3
DA:6,3
DA:7,3
DA:8,3
DA:9,3
DA:10,3
DA:11,3
DA:12,3
DA:13,3
DA:14,3
DA:15,3
DA:16,3
DA:17,3
DA:18,3
DA:19,3
DA:20,3
DA:21,3
DA:22,3
DA:23,3
DA:24,3
DA:25,3
DA:26,3
DA:27,3
DA:28,3
DA:29,3
DA:30,3
DA:31,3
DA:32,3
DA:33,3
DA:34,3
DA:35,3
DA:36,3
DA:37,3
DA:38,3
DA:39,3
DA:40,3
DA:41,3
DA:42,3
DA:43,3
DA:44,3
DA:45,3
DA:46,3
DA:47,3
DA:48,3
DA:49,3
DA:50,3
DA:51,3
DA:52,3
DA:53,3
DA:54,3
DA:55,3
DA:56,3
DA:57,3
DA:58,3
DA:59,3
DA:60,3
DA:61,3
DA:62,3
DA:63,3
DA:64,3
DA:65,3
DA:66,3
DA:67,3
DA:68,3
DA:69,3
DA:70,3
DA:71,3
DA:72,3
DA:73,3
DA:74,3
DA:75,3
DA:76,3
DA:77,3
DA:78,3
DA:79,3
DA:80,3
DA:81,3
DA:82,3
DA:83,3
DA:84,3
DA:85,3
DA:86,3
DA:87,3
DA:88,3
DA:89,3
DA:90,3
DA:91,3
DA:92,3
DA:93,3
DA:94,3
DA:95,3
DA:96,3
DA:97,3
DA:98,3
DA:99,3
DA:100,3
DA:101,3
DA:102,3
DA:103,3
DA:104,3
DA:105,3
DA:106,3
DA:107,3
DA:108,3
DA:109,3
DA:110,3
DA:111,3
DA:112,3
DA:113,3
DA:114,3
DA:115,3
DA:116,3
DA:117,3
DA:118,3
DA:119,3
DA:120,3
DA:121,3
DA:122,3
DA:123,3
DA:124,3
DA:125,3
DA:126,3
DA:127,3
DA:128,3
DA:129,3
DA:130,3
DA:131,3
DA:132,3
DA:133,3
DA:134,3
DA:135,3
DA:136,3
DA:137,3
DA:138,3
DA:139,3
DA:140,3
DA:141,3
DA:142,3
DA:143,3
DA:144,3
DA:145,3
DA:146,3
DA:147,3
DA:148,3
DA:149,3
DA:150,3
DA:151,3
DA:152,3
DA:153,3
DA:154,3
DA:155,3
DA:156,3
DA:157,3
DA:158,3
DA:159,3
DA:160,3
DA:161,3
DA:162,3
DA:163,3
DA:164,3
DA:165,3
DA:166,3
DA:167,3
DA:168,3
DA:169,3
DA:170,3
DA:171,3
DA:172,3
DA:173,3
DA:174,3
DA:175,3
DA:176,3
DA:177,3
DA:178,3
DA:179,3
DA:180,3
DA:181,3
DA:182,3
DA:183,3
DA:184,3
DA:185,3
DA:186,3
DA:187,3
DA:188,3
DA:189,3
DA:190,3
DA:191,3
DA:192,3
DA:193,3
DA:194,3
DA:195,3
DA:196,3
DA:197,3
DA:198,3
DA:199,3
DA:200,3
DA:201,3
DA:202,3
DA:203,3
DA:204,3
DA:205,3
DA:206,3
DA:207,3
DA:208,3
DA:209,3
DA:210,3
DA:211,3
DA:212,3
DA:213,3
DA:214,3
DA:215,3
DA:216,3
DA:217,3
DA:218,3
DA:219,3
DA:220,3
DA:221,3
DA:222,3
DA:223,3
DA:224,3
DA:225,3
DA:226,3
DA:227,3
DA:228,3
DA:229,3
DA:230,3
DA:231,3
DA:232,3
DA:233,3
DA:234,3
DA:235,3
DA:236,3
DA:237,3
DA:238,3
DA:239,3
DA:240,3
DA:241,3
DA:242,3
DA:243,3
DA:244,3
DA:245,3
DA:246,3
DA:247,3
DA:248,3
DA:249,3
DA:250,3
DA:251,3
DA:252,3
DA:253,3
DA:254,3
DA:255,3
DA:256,3
DA:257,3
DA:258,3
DA:259,3
DA:260,3
DA:261,3
DA:262,3
DA:263,3
DA:264,3
DA:265,3
DA:266,3
DA:267,3
DA:268,3
DA:269,3
DA:270,3
DA:271,3
DA:272,3
DA:273,3
DA:274,3
DA:275,3
DA:276,3
DA:277,3
DA:278,3
DA:279,3
DA:280,3
DA:281,3
DA:282,3
DA:283,3
DA:284,3
DA:285,3
DA:286,3
DA:287,3
DA:288,3
DA:289,3
DA:290,3
DA:291,3
DA:292,3
DA:293,3
DA:294,3
DA:295,3
DA:296,3
DA:297,3
DA:298,3
DA:299,3
DA:300,3
DA:301,3
DA:302,3
DA:303,3
DA:304,3
DA:305,3
DA:306,3
DA:307,3
DA:308,3
DA:309,3
DA:310,3
DA:311,3
DA:312,3
DA:313,3
DA:314,3
DA:315,3
DA:316,3
DA:317,3
DA:318,3
DA:319,3
DA:320,3
DA:321,3
DA:322,3
DA:323,3
DA:324,3
DA:325,3
DA:326,3
DA:327,3
DA:328,3
DA:329,3
DA:330,3
DA:331,3
DA:332,3
DA:333,3
DA:334,3
DA:335,3
DA:336,3
DA:337,3
DA:338,3
DA:339,3
DA:340,3
DA:341,3
DA:342,3
DA:343,3
DA:344,3
DA:345,3
DA:346,3
DA:347,3
DA:348,3
DA:349,3
DA:350,3
DA:351,3
DA:352,3
DA:353,3
DA:354,3
DA:355,3
DA:356,3
DA:357,3
DA:358,3
DA:359,3
DA:360,3
DA:361,3
DA:362,3
DA:363,3
DA:364,3
DA:365,3
DA:366,3
DA:367,3
DA:368,3
DA:369,3
DA:370,3
DA:371,3
DA:372,3
DA:373,3
DA:374,3
DA:375,3
DA:376,3
DA:377,3
DA:378,3
DA:379,3
DA:380,3
DA:381,3
DA:382,3
DA:383,3
DA:384,3
DA:385,3
DA:386,3
DA:387,3
DA:388,3
DA:389,3
DA:390,3
DA:391,3
DA:392,3
DA:393,3
DA:394,3
DA:395,3
DA:396,3
DA:397,3
DA:398,3
DA:399,3
DA:400,3
DA:401,3
DA:402,3
DA:403,3
DA:404,3
DA:405,3
DA:406,3
DA:407,3
DA:408,3
DA:409,3
DA:410,3
DA:411,3
DA:412,3
DA:413,3
DA:414,3
DA:415,3
DA:416,3
DA:417,3
DA:418,3
DA:419,3
DA:420,3
DA:421,3
DA:422,3
DA:423,3
DA:424,3
DA:425,3
DA:426,3
DA:427,3
DA:428,3
DA:429,3
DA:430,3
DA:431,3
DA:432,3
DA:433,3
DA:434,3
DA:435,3
DA:436,3
DA:437,3
DA:438,3
DA:439,3
DA:440,3
DA:441,3
DA:442,3
DA:443,3
DA:444,3
DA:445,3
DA:446,3
DA:447,3
DA:448,3
DA:449,3
DA:450,3
DA:451,3
DA:452,3
DA:453,3
DA:454,3
DA:455,3
DA:456,3
DA:457,3
DA:458,3
DA:459,3
DA:460,3
DA:461,3
DA:462,3
DA:463,3
DA:464,3
DA:465,3
DA:466,3
DA:467,3
DA:468,3
DA:469,3
DA:470,3
DA:471,3
DA:472,3
DA:473,3
DA:474,3
DA:475,3
DA:476,3
DA:477,3
DA:478,3
DA:479,3
DA:480,3
DA:481,3
DA:482,3
DA:483,3
DA:484,3
DA:485,3
DA:486,3
DA:487,3
DA:488,3
DA:489,3
DA:490,3
DA:491,3
DA:492,3
DA:493,3
DA:494,3
DA:495,3
DA:496,3
DA:497,3
DA:498,3
DA:499,3
DA:500,3
DA:501,3
DA:502,3
DA:503,3
DA:504,3
DA:505,3
DA:506,3
DA:507,3
DA:508,3
DA:509,3
DA:510,3
DA:511,3
DA:512,3
DA:513,3
DA:514,3
DA:515,3
DA:516,3
DA:517,3
DA:518,3
DA:519,3
DA:520,3
DA:521,3
DA:522,3
DA:523,3
DA:524,3
DA:525,3
DA:526,3
DA:527,3
DA:528,3
DA:529,3
DA:530,3
DA:531,3
DA:532,3
DA:533,3
DA:534,3
DA:535,3
DA:536,3
DA:537,3
DA:538,3
DA:539,3
DA:540,3
DA:541,3
DA:542,3
DA:543,3
DA:544,3
DA:545,3
DA:546,3
DA:547,3
DA:548,3
DA:549,3
DA:550,3
DA:551,3
DA:552,3
DA:553,3
DA:554,3
DA:555,3
DA:556,3
DA:557,3
DA:558,3
DA:559,3
DA:560,3
DA:561,3
DA:562,3
DA:563,3
DA:564,3
DA:565,3
DA:566,3
DA:567,3
DA:568,3
DA:569,3
DA:570,3
DA:571,3
DA:572,3
DA:573,3
DA:574,3
DA:575,3
DA:576,3
DA:577,3
DA:578,3
DA:579,3
DA:580,3
DA:581,3
DA:582,3
DA:583,3
DA:584,3
DA:585,3
DA:586,3
DA:587,3
DA:588,3
DA:589,3
DA:590,3
DA:591,3
DA:592,3
DA:593,3
DA:594,3
DA:595,3
DA:596,3
DA:597,3
DA:598,3
DA:599,3
DA:600,3
DA:601,3
DA:602,3
DA:603,3
DA:604,3
DA:605,3
DA:606,3
DA:607,3
DA:608,3
DA:609,3
DA:610,3
DA:611,3
DA:612,3
DA:613,3
DA:614,3
DA:615,3
DA:616,3
DA:617,3
DA:618,3
DA:619,3
DA:620,3
DA:621,3
DA:622,3
DA:623,3
DA:624,3
DA:625,3
DA:626,3
DA:627,3
DA:628,3
DA:629,3
DA:630,3
DA:631,3
DA:632,3
DA:633,3
DA:634,3
DA:635,3
DA:636,3
DA:637,3
DA:638,3
DA:639,3
DA:640,3
DA:641,3
DA:642,3
DA:643,3
DA:644,3
DA:645,3
DA:646,3
DA:647,3
DA:648,3
DA:649,3
DA:650,3
DA:651,3
DA:652,3
DA:653,3
DA:654,3
DA:655,3
DA:656,3
DA:657,3
DA:658,3
DA:659,3
DA:660,3
DA:661,3
DA:662,3
LF:662
LH:662
BRDA:1,0,0,3
BRF:1
BRH:1
end_of_record
